{
"contracts/DDE.sol":{"l":{"65":3,"66":3,"67":3,"70":1,"74":2,"75":2,"76":2,"79":2,"80":2,"81":2,"82":2,"86":2,"87":2,"90":1,"91":1,"92":1,"95":1,"96":1,"99":1,"100":1,"103":1,"104":1,"105":1,"107":1,"110":1,"111":1,"114":0,"115":0,"118":16,"119":16,"120":16,"121":16,"122":16,"123":16,"124":12,"125":4,"126":4,"129":2,"130":2,"131":2,"132":2,"133":2,"134":2,"135":2,"138":9,"139":9,"140":9,"141":9,"142":3,"143":2,"145":1,"146":1,"148":3,"149":3,"164":11,"165":11,"167":11,"168":11,"169":11,"170":9,"172":2,"175":0,"176":0,"178":0,"181":11,"182":11,"183":11,"184":11,"198":11,"199":2,"200":2,"201":1,"204":11,"205":0,"206":0,"207":0,"208":0,"209":0,"210":0,"213":0,"215":0,"217":0,"218":0,"220":11,"221":2,"223":11,"224":11,"225":11,"226":11,"228":11,"229":3,"230":3,"231":3,"232":3,"233":3,"234":6,"235":6,"236":6,"237":2,"238":2,"239":2,"241":4,"242":4,"243":4,"245":6,"247":3,"249":11,"250":11,"251":11,"254":12,"255":0,"256":0,"259":12,"260":0,"263":12,"264":12,"265":12,"266":12,"267":12,"268":0,"270":12,"271":1,"272":1,"273":1,"274":0,"276":1,"277":0,"279":1,"280":1,"281":0,"284":12,"285":12,"286":12,"287":11,"288":11,"289":11,"290":11,"291":11,"292":11,"293":11,"294":11,"295":11,"296":11,"297":0,"298":0,"302":11,"303":9,"304":9,"305":9,"306":1,"308":9,"309":9,"310":9,"311":9,"312":9,"313":9,"314":9,"316":9,"317":9,"318":0,"320":9,"323":2,"324":0,"325":0,"327":2,"328":2,"331":11,"333":12,"334":12,"335":12,"336":12,"337":10,"338":10,"339":10,"340":10,"341":10,"342":10,"343":10,"344":10,"345":10,"346":10,"347":10,"348":10,"349":10,"351":2,"352":2,"353":2,"354":2,"355":2,"356":2,"357":2,"358":2,"362":2,"365":2,"366":2,"367":2,"368":2,"369":2,"370":1,"372":1,"373":2,"374":2,"375":2,"376":2,"377":2,"379":2,"380":2,"381":2,"383":1,"386":1,"387":1,"388":1,"390":1,"393":2,"394":0,"395":0,"397":2,"398":2,"399":2,"400":2,"401":2,"402":2,"403":1,"405":1,"407":2,"408":1,"412":4,"413":0,"414":0,"416":4,"417":4,"418":4,"419":4,"420":4,"421":4,"422":4,"423":2,"424":2,"426":2,"427":2,"429":4,"430":2,"431":2,"435":18,"436":0,"437":0,"439":18,"440":18,"441":16,"442":16,"443":16,"444":16,"445":16,"446":9,"447":9,"449":7,"450":7,"452":16,"453":7,"454":7,"455":7,"456":4,"457":4,"458":0,"460":4,"461":4,"462":4,"464":0,"465":0,"467":0,"468":0,"470":0,"472":0,"475":7,"476":7,"477":7,"478":4,"479":1,"480":1,"482":4,"483":1,"484":1,"488":16,"489":16,"492":1,"493":1,"494":1,"496":1,"497":1,"498":1,"499":1,"500":1,"501":1,"502":1,"505":1,"506":0,"507":0,"509":1,"510":1,"511":1,"512":0,"514":1,"515":1,"517":1,"518":1,"521":1,"522":1,"523":1,"524":0,"525":0,"526":0,"528":0,"530":1,"531":0,"533":1,"534":1,"535":1,"536":1,"537":1,"540":1,"541":1,"542":1,"543":1,"544":1,"547":0,"548":0,"549":0,"552":0,"555":0,"558":63,"561":1,"562":1,"565":0,"568":0,"571":0,"572":0,"574":0,"575":0,"577":0,"578":0,"580":0,"581":0,"583":0,"584":0,"586":0,"587":0,"589":0,"593":0},"path":"/home/alex/wmur/Ethalo-audit/contracts/DDE.sol","s":{"1":3,"2":3,"3":3,"4":2,"5":2,"6":2,"7":2,"8":2,"9":2,"10":2,"11":2,"12":2,"13":1,"14":1,"15":1,"16":1,"17":1,"18":1,"19":1,"20":1,"21":1,"22":1,"23":1,"24":1,"25":1,"26":0,"27":0,"28":16,"29":16,"30":16,"31":16,"32":16,"33":16,"34":12,"35":4,"36":4,"37":2,"38":2,"39":2,"40":2,"41":2,"42":2,"43":2,"44":9,"45":9,"46":9,"47":9,"48":3,"49":2,"50":1,"51":1,"52":3,"53":3,"54":11,"55":11,"56":11,"57":11,"58":11,"59":9,"60":2,"61":0,"62":0,"63":0,"64":11,"65":11,"66":11,"67":11,"68":11,"69":2,"70":2,"71":1,"72":11,"73":0,"74":0,"75":0,"76":0,"77":0,"78":0,"79":0,"80":0,"81":0,"82":0,"83":11,"84":2,"85":11,"86":11,"87":11,"88":11,"89":11,"90":3,"91":3,"92":3,"93":3,"94":3,"95":6,"96":6,"97":6,"98":2,"99":2,"100":2,"101":4,"102":4,"103":4,"104":6,"105":3,"106":11,"107":11,"108":11,"109":12,"110":0,"111":0,"112":12,"113":0,"114":12,"115":12,"116":12,"117":12,"118":12,"119":0,"120":12,"121":1,"122":1,"123":1,"124":0,"125":1,"126":0,"127":1,"128":1,"129":0,"130":12,"131":12,"132":12,"133":11,"134":11,"135":11,"136":11,"137":11,"138":11,"139":11,"140":11,"141":11,"142":11,"143":0,"144":0,"145":11,"146":9,"147":9,"148":9,"149":1,"150":9,"151":9,"152":9,"153":9,"154":9,"155":9,"156":9,"157":9,"158":9,"159":0,"160":9,"161":2,"162":0,"163":0,"164":2,"165":2,"166":11,"167":12,"168":12,"169":12,"170":12,"171":10,"172":10,"173":10,"174":10,"175":10,"176":10,"177":10,"178":10,"179":10,"180":10,"181":10,"182":10,"183":10,"184":2,"185":2,"186":2,"187":2,"188":2,"189":2,"190":2,"191":2,"192":2,"193":2,"194":2,"195":2,"196":2,"197":2,"198":1,"199":1,"200":2,"201":2,"202":2,"203":2,"204":2,"205":2,"206":2,"207":2,"208":1,"209":1,"210":1,"211":1,"212":1,"213":2,"214":0,"215":0,"216":2,"217":2,"218":2,"219":2,"220":2,"221":2,"222":1,"223":1,"224":2,"225":1,"226":4,"227":0,"228":0,"229":4,"230":4,"231":4,"232":4,"233":4,"234":4,"235":4,"236":2,"237":2,"238":2,"239":2,"240":4,"241":2,"242":2,"243":18,"244":0,"245":0,"246":18,"247":18,"248":16,"249":16,"250":16,"251":16,"252":16,"253":9,"254":9,"255":7,"256":7,"257":16,"258":7,"259":7,"260":7,"261":4,"262":4,"263":0,"264":4,"265":4,"266":4,"267":0,"268":0,"269":0,"270":0,"271":0,"272":0,"273":7,"274":7,"275":7,"276":4,"277":1,"278":1,"279":4,"280":1,"281":1,"282":16,"283":16,"284":1,"285":1,"286":1,"287":1,"288":1,"289":1,"290":1,"291":1,"292":1,"293":1,"294":1,"295":0,"296":0,"297":1,"298":1,"299":1,"300":0,"301":1,"302":1,"303":1,"304":1,"305":1,"306":1,"307":1,"308":0,"309":0,"310":0,"311":0,"312":1,"313":0,"314":1,"315":1,"316":1,"317":1,"318":1,"319":1,"320":1,"321":1,"322":1,"323":1,"324":0,"325":0,"326":0,"327":0,"328":0,"329":63,"330":1,"331":1,"332":0,"333":0,"334":0,"335":0,"336":0,"337":0,"338":0,"339":0,"340":0,"341":0,"342":0,"343":0,"344":0,"345":0,"346":0,"347":0},"b":{"1":[2,0],"2":[2,0],"3":[2,0],"4":[2,0],"5":[2,0],"6":[2,0],"7":[1,0],"8":[1,0],"9":[1,0],"10":[1,0],"11":[1,0],"12":[1,0],"13":[0,0],"14":[16,0],"15":[16,0],"16":[16,0],"17":[12,4],"18":[4,8],"19":[2,0],"20":[2,0],"21":[9,0],"22":[9,0],"23":[3,6],"24":[2,1],"25":[2,0],"26":[11,0],"27":[11,0],"28":[11,0],"29":[11,0],"30":[9,2],"31":[9,0],"32":[2,0],"33":[0,0],"34":[0,0],"35":[0,0],"36":[11,0],"37":[2,9],"38":[1,1],"39":[0,11],"40":[0,0],"41":[0,0],"42":[0,0],"43":[2,9],"44":[3,8],"45":[3,0],"46":[3,0],"47":[6,0],"48":[2,4],"49":[0,12],"50":[0,0],"51":[0,12],"52":[12,0],"53":[0,12],"54":[0,0],"55":[1,11],"56":[1,0],"57":[1,0],"58":[0,1],"59":[0,0],"60":[0,1],"61":[0,0],"62":[0,1],"63":[11,1],"64":[11,0],"65":[11,0],"66":[11,0],"67":[0,11],"68":[0,0],"69":[9,2],"70":[9,0],"71":[1,8],"72":[9,0],"73":[0,9],"74":[0,2],"75":[11,0],"76":[10,2],"77":[10,0],"78":[10,0],"79":[10,0],"80":[2,0],"81":[1,1],"82":[2,0],"83":[1,0],"84":[1,0],"85":[1,0],"86":[0,2],"87":[0,0],"88":[0,0],"89":[2,0],"90":[2,0],"91":[2,0],"92":[2,0],"93":[2,0],"94":[1,1],"95":[1,1],"96":[0,4],"97":[0,0],"98":[0,0],"99":[4,0],"100":[4,0],"101":[4,0],"102":[4,0],"103":[2,2],"104":[2,0],"105":[2,0],"106":[2,2],"107":[0,18],"108":[0,0],"109":[0,0],"110":[18,0],"111":[16,2],"112":[16,0],"113":[16,0],"114":[9,7],"115":[9,0],"116":[7,0],"117":[7,9],"118":[4,3],"119":[0,4],"120":[4,0],"121":[0,0],"122":[0,0],"123":[4,3],"124":[1,3],"125":[1,3],"126":[1,0],"127":[1,0],"128":[1,0],"129":[1,0],"130":[1,0],"131":[1,0],"132":[1,0],"133":[0,1],"134":[0,0],"135":[0,0],"136":[1,0],"137":[0,1],"138":[1,0],"139":[1,0],"140":[1,0],"141":[0,1],"142":[0,0],"143":[0,0],"144":[0,0],"145":[0,0],"146":[0,1],"147":[1,0],"148":[1,0],"149":[1,0],"150":[0,0],"151":[0,0],"152":[1,0],"153":[0,0],"154":[0,0],"155":[0,0],"156":[0,0],"157":[0,0],"158":[0,0]},"f":{"1":3,"2":2,"3":2,"4":2,"5":1,"6":1,"7":1,"8":1,"9":1,"10":0,"11":16,"12":2,"13":9,"14":11,"15":12,"16":2,"17":2,"18":1,"19":2,"20":4,"21":18,"22":1,"23":1,"24":1,"25":1,"26":0,"27":0,"28":0,"29":63,"30":1,"31":0,"32":0,"33":0,"34":0},"fnMap":{"1":{"name":"constructor","line":64,"loc":{"start":{"line":64,"column":4},"end":{"line":68,"column":4}}},"2":{"name":"changeAffiliate","line":73,"loc":{"start":{"line":73,"column":4},"end":{"line":77,"column":4}}},"3":{"name":"promoteAffiliate","line":78,"loc":{"start":{"line":78,"column":4},"end":{"line":84,"column":4}}},"4":{"name":"changeMinter","line":85,"loc":{"start":{"line":85,"column":4},"end":{"line":88,"column":4}}},"5":{"name":"changeFee","line":89,"loc":{"start":{"line":89,"column":4},"end":{"line":93,"column":4}}},"6":{"name":"changeThreshold","line":94,"loc":{"start":{"line":94,"column":4},"end":{"line":97,"column":4}}},"7":{"name":"changeCooldown","line":98,"loc":{"start":{"line":98,"column":4},"end":{"line":101,"column":4}}},"8":{"name":"authorizeCustodian","line":102,"loc":{"start":{"line":102,"column":4},"end":{"line":108,"column":4}}},"9":{"name":"authorizeContract","line":109,"loc":{"start":{"line":109,"column":4},"end":{"line":112,"column":4}}},"10":{"name":"changeCustomFee","line":113,"loc":{"start":{"line":113,"column":4},"end":{"line":116,"column":4}}},"11":{"name":"deposit","line":117,"loc":{"start":{"line":117,"column":4},"end":{"line":127,"column":4}}},"12":{"name":"depositWETH","line":128,"loc":{"start":{"line":128,"column":4},"end":{"line":136,"column":4}}},"13":{"name":"withdraw","line":137,"loc":{"start":{"line":137,"column":4},"end":{"line":150,"column":4}}},"14":{"name":"createContract","line":151,"loc":{"start":{"line":151,"column":4},"end":{"line":252,"column":4}}},"15":{"name":"acceptOffer","line":253,"loc":{"start":{"line":253,"column":4},"end":{"line":360,"column":4}}},"16":{"name":"compareStrings","line":361,"loc":{"start":{"line":361,"column":4},"end":{"line":363,"column":4}}},"17":{"name":"removeTags","line":364,"loc":{"start":{"line":364,"column":4},"end":{"line":384,"column":4}}},"18":{"name":"removeExpiredTags","line":385,"loc":{"start":{"line":385,"column":4},"end":{"line":391,"column":4}}},"19":{"name":"requestExtension","line":392,"loc":{"start":{"line":392,"column":4},"end":{"line":410,"column":4}}},"20":{"name":"cancelEscrow","line":411,"loc":{"start":{"line":411,"column":4},"end":{"line":433,"column":4}}},"21":{"name":"completeEscrow","line":434,"loc":{"start":{"line":434,"column":4},"end":{"line":490,"column":4}}},"22":{"name":"expireEscrow","line":491,"loc":{"start":{"line":491,"column":4},"end":{"line":503,"column":4}}},"23":{"name":"cancelPrivateOffer","line":504,"loc":{"start":{"line":504,"column":4},"end":{"line":519,"column":4}}},"24":{"name":"removeMarketOffer","line":520,"loc":{"start":{"line":520,"column":4},"end":{"line":538,"column":4}}},"25":{"name":"updateQuantity","line":539,"loc":{"start":{"line":539,"column":4},"end":{"line":545,"column":4}}},"26":{"name":"changeReferralFee","line":546,"loc":{"start":{"line":546,"column":4},"end":{"line":550,"column":4}}},"27":{"name":"getCompleted","line":551,"loc":{"start":{"line":551,"column":4},"end":{"line":553,"column":4}}},"28":{"name":"getMarketOffer","line":554,"loc":{"start":{"line":554,"column":4},"end":{"line":556,"column":4}}},"29":{"name":"getContract","line":557,"loc":{"start":{"line":557,"column":4},"end":{"line":559,"column":4}}},"30":{"name":"safeTransferETH","line":560,"loc":{"start":{"line":560,"column":4},"end":{"line":563,"column":4}}},"31":{"name":"adddata","line":564,"loc":{"start":{"line":564,"column":4},"end":{"line":566,"column":4}}},"32":{"name":"adduserdata","line":567,"loc":{"start":{"line":567,"column":4},"end":{"line":569,"column":4}}},"33":{"name":"getArrayLength","line":570,"loc":{"start":{"line":570,"column":4},"end":{"line":591,"column":4}}},"34":{"name":"getTags","line":592,"loc":{"start":{"line":592,"column":4},"end":{"line":594,"column":4}}}},"statementMap":{"1":{"start":{"line":65,"column":8},"end":{"line":65,"column":19}},"2":{"start":{"line":66,"column":8},"end":{"line":66,"column":26}},"3":{"start":{"line":67,"column":8},"end":{"line":67,"column":36}},"4":{"start":{"line":74,"column":8},"end":{"line":74,"column":45}},"5":{"start":{"line":75,"column":8},"end":{"line":75,"column":39}},"6":{"start":{"line":76,"column":8},"end":{"line":76,"column":39}},"7":{"start":{"line":79,"column":8},"end":{"line":79,"column":36}},"8":{"start":{"line":80,"column":8},"end":{"line":80,"column":39}},"9":{"start":{"line":81,"column":8},"end":{"line":81,"column":3226}},"10":{"start":{"line":82,"column":12},"end":{"line":82,"column":39}},"11":{"start":{"line":86,"column":8},"end":{"line":86,"column":36}},"12":{"start":{"line":87,"column":8},"end":{"line":87,"column":26}},"13":{"start":{"line":90,"column":8},"end":{"line":90,"column":36}},"14":{"start":{"line":91,"column":8},"end":{"line":91,"column":44}},"15":{"start":{"line":92,"column":8},"end":{"line":92,"column":28}},"16":{"start":{"line":95,"column":8},"end":{"line":95,"column":36}},"17":{"start":{"line":96,"column":8},"end":{"line":96,"column":42}},"18":{"start":{"line":99,"column":8},"end":{"line":99,"column":36}},"19":{"start":{"line":100,"column":8},"end":{"line":100,"column":37}},"20":{"start":{"line":103,"column":8},"end":{"line":103,"column":4002}},"21":{"start":{"line":104,"column":12},"end":{"line":104,"column":52}},"22":{"start":{"line":105,"column":12},"end":{"line":105,"column":53}},"23":{"start":{"line":107,"column":8},"end":{"line":107,"column":50}},"24":{"start":{"line":110,"column":8},"end":{"line":110,"column":95}},"25":{"start":{"line":111,"column":8},"end":{"line":111,"column":57}},"26":{"start":{"line":114,"column":8},"end":{"line":114,"column":56}},"27":{"start":{"line":115,"column":8},"end":{"line":115,"column":37}},"28":{"start":{"line":118,"column":8},"end":{"line":118,"column":25}},"29":{"start":{"line":119,"column":8},"end":{"line":119,"column":29}},"30":{"start":{"line":120,"column":8},"end":{"line":120,"column":15}},"31":{"start":{"line":121,"column":8},"end":{"line":121,"column":26}},"32":{"start":{"line":122,"column":8},"end":{"line":122,"column":34}},"33":{"start":{"line":123,"column":8},"end":{"line":123,"column":53}},"34":{"start":{"line":124,"column":8},"end":{"line":124,"column":69}},"35":{"start":{"line":125,"column":8},"end":{"line":125,"column":47}},"36":{"start":{"line":126,"column":8},"end":{"line":126,"column":15}},"37":{"start":{"line":129,"column":8},"end":{"line":129,"column":25}},"38":{"start":{"line":130,"column":8},"end":{"line":130,"column":15}},"39":{"start":{"line":131,"column":8},"end":{"line":131,"column":31}},"40":{"start":{"line":132,"column":8},"end":{"line":132,"column":43}},"41":{"start":{"line":133,"column":8},"end":{"line":133,"column":26}},"42":{"start":{"line":134,"column":8},"end":{"line":134,"column":46}},"43":{"start":{"line":135,"column":8},"end":{"line":135,"column":15}},"44":{"start":{"line":138,"column":8},"end":{"line":138,"column":25}},"45":{"start":{"line":139,"column":8},"end":{"line":139,"column":15}},"46":{"start":{"line":140,"column":8},"end":{"line":140,"column":26}},"47":{"start":{"line":141,"column":8},"end":{"line":141,"column":56}},"48":{"start":{"line":142,"column":8},"end":{"line":142,"column":5523}},"49":{"start":{"line":143,"column":12},"end":{"line":143,"column":61}},"50":{"start":{"line":145,"column":12},"end":{"line":145,"column":39}},"51":{"start":{"line":146,"column":12},"end":{"line":146,"column":46}},"52":{"start":{"line":148,"column":8},"end":{"line":148,"column":47}},"53":{"start":{"line":149,"column":8},"end":{"line":149,"column":15}},"54":{"start":{"line":164,"column":8},"end":{"line":164,"column":52}},"55":{"start":{"line":165,"column":8},"end":{"line":165,"column":68}},"56":{"start":{"line":167,"column":8},"end":{"line":167,"column":25}},"57":{"start":{"line":168,"column":8},"end":{"line":168,"column":6617}},"58":{"start":{"line":169,"column":12},"end":{"line":169,"column":6661}},"59":{"start":{"line":170,"column":16},"end":{"line":170,"column":100}},"60":{"start":{"line":172,"column":16},"end":{"line":172,"column":85}},"61":{"start":{"line":175,"column":12},"end":{"line":175,"column":6937}},"62":{"start":{"line":176,"column":16},"end":{"line":176,"column":93}},"63":{"start":{"line":178,"column":16},"end":{"line":178,"column":78}},"64":{"start":{"line":181,"column":8},"end":{"line":181,"column":35}},"65":{"start":{"line":182,"column":8},"end":{"line":182,"column":165}},"66":{"start":{"line":183,"column":8},"end":{"line":183,"column":42}},"67":{"start":{"line":184,"column":8},"end":{"line":184,"column":7434}},"68":{"start":{"line":198,"column":8},"end":{"line":198,"column":7924}},"69":{"start":{"line":199,"column":12},"end":{"line":199,"column":29}},"70":{"start":{"line":200,"column":12},"end":{"line":200,"column":7997}},"71":{"start":{"line":201,"column":16},"end":{"line":201,"column":32}},"72":{"start":{"line":204,"column":8},"end":{"line":204,"column":8086}},"73":{"start":{"line":205,"column":12},"end":{"line":205,"column":8161}},"74":{"start":{"line":206,"column":16},"end":{"line":206,"column":8209}},"75":{"start":{"line":207,"column":20},"end":{"line":207,"column":55}},"76":{"start":{"line":208,"column":20},"end":{"line":208,"column":50}},"77":{"start":{"line":209,"column":20},"end":{"line":209,"column":8378}},"78":{"start":{"line":210,"column":24},"end":{"line":210,"column":66}},"79":{"start":{"line":213,"column":16},"end":{"line":213,"column":53}},"80":{"start":{"line":215,"column":16},"end":{"line":215,"column":53}},"81":{"start":{"line":217,"column":12},"end":{"line":217,"column":50}},"82":{"start":{"line":218,"column":12},"end":{"line":218,"column":44}},"83":{"start":{"line":220,"column":12},"end":{"line":220,"column":8815}},"84":{"start":{"line":221,"column":16},"end":{"line":221,"column":32}},"85":{"start":{"line":223,"column":12},"end":{"line":223,"column":40}},"86":{"start":{"line":224,"column":12},"end":{"line":224,"column":45}},"87":{"start":{"line":225,"column":12},"end":{"line":225,"column":29}},"88":{"start":{"line":226,"column":12},"end":{"line":226,"column":44}},"89":{"start":{"line":228,"column":8},"end":{"line":228,"column":9086}},"90":{"start":{"line":229,"column":12},"end":{"line":229,"column":41}},"91":{"start":{"line":230,"column":12},"end":{"line":230,"column":72}},"92":{"start":{"line":231,"column":12},"end":{"line":231,"column":22}},"93":{"start":{"line":232,"column":12},"end":{"line":232,"column":31}},"94":{"start":{"line":233,"column":12},"end":{"line":233,"column":9305}},"95":{"start":{"line":234,"column":16},"end":{"line":234,"column":35}},"96":{"start":{"line":235,"column":16},"end":{"line":235,"column":49}},"97":{"start":{"line":236,"column":16},"end":{"line":236,"column":9445}},"98":{"start":{"line":237,"column":20},"end":{"line":237,"column":45}},"99":{"start":{"line":238,"column":20},"end":{"line":238,"column":81}},"100":{"start":{"line":239,"column":20},"end":{"line":239,"column":80}},"101":{"start":{"line":241,"column":20},"end":{"line":241,"column":59}},"102":{"start":{"line":242,"column":20},"end":{"line":242,"column":40}},"103":{"start":{"line":243,"column":20},"end":{"line":243,"column":44}},"104":{"start":{"line":245,"column":16},"end":{"line":245,"column":21}},"105":{"start":{"line":247,"column":12},"end":{"line":247,"column":36}},"106":{"start":{"line":249,"column":8},"end":{"line":249,"column":36}},"107":{"start":{"line":250,"column":8},"end":{"line":250,"column":31}},"108":{"start":{"line":251,"column":8},"end":{"line":251,"column":19}},"109":{"start":{"line":254,"column":8},"end":{"line":254,"column":10173}},"110":{"start":{"line":255,"column":12},"end":{"line":255,"column":10252}},"111":{"start":{"line":256,"column":16},"end":{"line":256,"column":47}},"112":{"start":{"line":259,"column":12},"end":{"line":259,"column":10386}},"113":{"start":{"line":260,"column":16},"end":{"line":260,"column":47}},"114":{"start":{"line":263,"column":8},"end":{"line":263,"column":47}},"115":{"start":{"line":264,"column":8},"end":{"line":264,"column":53}},"116":{"start":{"line":265,"column":8},"end":{"line":265,"column":75}},"117":{"start":{"line":266,"column":8},"end":{"line":266,"column":28}},"118":{"start":{"line":267,"column":8},"end":{"line":267,"column":10717}},"119":{"start":{"line":268,"column":12},"end":{"line":268,"column":66}},"120":{"start":{"line":270,"column":8},"end":{"line":270,"column":10864}},"121":{"start":{"line":271,"column":12},"end":{"line":271,"column":67}},"122":{"start":{"line":272,"column":12},"end":{"line":272,"column":59}},"123":{"start":{"line":273,"column":12},"end":{"line":273,"column":11029}},"124":{"start":{"line":274,"column":16},"end":{"line":274,"column":29}},"125":{"start":{"line":276,"column":12},"end":{"line":276,"column":11147}},"126":{"start":{"line":277,"column":16},"end":{"line":277,"column":29}},"127":{"start":{"line":279,"column":12},"end":{"line":279,"column":53}},"128":{"start":{"line":280,"column":12},"end":{"line":280,"column":11324}},"129":{"start":{"line":281,"column":16},"end":{"line":281,"column":50}},"130":{"start":{"line":284,"column":8},"end":{"line":284,"column":53}},"131":{"start":{"line":285,"column":8},"end":{"line":285,"column":22}},"132":{"start":{"line":286,"column":8},"end":{"line":286,"column":11516}},"133":{"start":{"line":287,"column":12},"end":{"line":287,"column":43}},"134":{"start":{"line":288,"column":12},"end":{"line":288,"column":102}},"135":{"start":{"line":289,"column":12},"end":{"line":289,"column":41}},"136":{"start":{"line":290,"column":12},"end":{"line":290,"column":48}},"137":{"start":{"line":291,"column":12},"end":{"line":291,"column":51}},"138":{"start":{"line":292,"column":12},"end":{"line":292,"column":44}},"139":{"start":{"line":293,"column":12},"end":{"line":293,"column":43}},"140":{"start":{"line":294,"column":12},"end":{"line":294,"column":12010}},"141":{"start":{"line":295,"column":16},"end":{"line":295,"column":46}},"142":{"start":{"line":296,"column":16},"end":{"line":296,"column":12107}},"143":{"start":{"line":297,"column":20},"end":{"line":297,"column":12158}},"144":{"start":{"line":298,"column":24},"end":{"line":298,"column":62}},"145":{"start":{"line":302,"column":12},"end":{"line":302,"column":12323}},"146":{"start":{"line":303,"column":16},"end":{"line":303,"column":54}},"147":{"start":{"line":304,"column":16},"end":{"line":304,"column":12417}},"148":{"start":{"line":305,"column":20},"end":{"line":305,"column":12480}},"149":{"start":{"line":306,"column":24},"end":{"line":306,"column":39}},"150":{"start":{"line":308,"column":20},"end":{"line":308,"column":54}},"151":{"start":{"line":309,"column":20},"end":{"line":309,"column":53}},"152":{"start":{"line":310,"column":20},"end":{"line":310,"column":37}},"153":{"start":{"line":311,"column":20},"end":{"line":311,"column":66}},"154":{"start":{"line":312,"column":20},"end":{"line":312,"column":54}},"155":{"start":{"line":313,"column":20},"end":{"line":313,"column":61}},"156":{"start":{"line":314,"column":20},"end":{"line":314,"column":45}},"157":{"start":{"line":316,"column":16},"end":{"line":316,"column":53}},"158":{"start":{"line":317,"column":16},"end":{"line":317,"column":13051}},"159":{"start":{"line":318,"column":20},"end":{"line":318,"column":38}},"160":{"start":{"line":320,"column":20},"end":{"line":320,"column":41}},"161":{"start":{"line":323,"column":16},"end":{"line":323,"column":13243}},"162":{"start":{"line":324,"column":20},"end":{"line":324,"column":57}},"163":{"start":{"line":325,"column":20},"end":{"line":325,"column":38}},"164":{"start":{"line":327,"column":20},"end":{"line":327,"column":57}},"165":{"start":{"line":328,"column":20},"end":{"line":328,"column":41}},"166":{"start":{"line":331,"column":12},"end":{"line":331,"column":39}},"167":{"start":{"line":333,"column":8},"end":{"line":333,"column":41}},"168":{"start":{"line":334,"column":8},"end":{"line":334,"column":34}},"169":{"start":{"line":335,"column":8},"end":{"line":335,"column":40}},"170":{"start":{"line":336,"column":8},"end":{"line":336,"column":13708}},"171":{"start":{"line":337,"column":12},"end":{"line":337,"column":54}},"172":{"start":{"line":338,"column":12},"end":{"line":338,"column":95}},"173":{"start":{"line":339,"column":12},"end":{"line":339,"column":86}},"174":{"start":{"line":340,"column":12},"end":{"line":340,"column":110}},"175":{"start":{"line":341,"column":12},"end":{"line":341,"column":101}},"176":{"start":{"line":342,"column":12},"end":{"line":342,"column":224}},"177":{"start":{"line":343,"column":12},"end":{"line":343,"column":54}},"178":{"start":{"line":344,"column":12},"end":{"line":344,"column":43}},"179":{"start":{"line":345,"column":12},"end":{"line":345,"column":39}},"180":{"start":{"line":346,"column":12},"end":{"line":346,"column":39}},"181":{"start":{"line":347,"column":12},"end":{"line":347,"column":48}},"182":{"start":{"line":348,"column":12},"end":{"line":348,"column":45}},"183":{"start":{"line":349,"column":12},"end":{"line":349,"column":48}},"184":{"start":{"line":351,"column":12},"end":{"line":351,"column":240}},"185":{"start":{"line":352,"column":12},"end":{"line":352,"column":53}},"186":{"start":{"line":353,"column":12},"end":{"line":353,"column":42}},"187":{"start":{"line":354,"column":12},"end":{"line":354,"column":48}},"188":{"start":{"line":355,"column":12},"end":{"line":355,"column":39}},"189":{"start":{"line":356,"column":12},"end":{"line":356,"column":47}},"190":{"start":{"line":357,"column":12},"end":{"line":357,"column":50}},"191":{"start":{"line":358,"column":12},"end":{"line":358,"column":53}},"192":{"start":{"line":362,"column":8},"end":{"line":362,"column":57}},"193":{"start":{"line":365,"column":8},"end":{"line":365,"column":18}},"194":{"start":{"line":366,"column":8},"end":{"line":366,"column":24}},"195":{"start":{"line":367,"column":8},"end":{"line":367,"column":27}},"196":{"start":{"line":368,"column":8},"end":{"line":368,"column":54}},"197":{"start":{"line":369,"column":8},"end":{"line":369,"column":15787}},"198":{"start":{"line":370,"column":12},"end":{"line":370,"column":18}},"199":{"start":{"line":372,"column":8},"end":{"line":372,"column":15856}},"200":{"start":{"line":373,"column":12},"end":{"line":373,"column":41}},"201":{"start":{"line":374,"column":12},"end":{"line":374,"column":35}},"202":{"start":{"line":375,"column":12},"end":{"line":375,"column":40}},"203":{"start":{"line":376,"column":12},"end":{"line":376,"column":16031}},"204":{"start":{"line":377,"column":16},"end":{"line":377,"column":38}},"205":{"start":{"line":379,"column":12},"end":{"line":379,"column":59}},"206":{"start":{"line":380,"column":12},"end":{"line":380,"column":37}},"207":{"start":{"line":381,"column":12},"end":{"line":381,"column":17}},"208":{"start":{"line":383,"column":8},"end":{"line":383,"column":29}},"209":{"start":{"line":386,"column":8},"end":{"line":386,"column":95}},"210":{"start":{"line":387,"column":8},"end":{"line":387,"column":16466}},"211":{"start":{"line":388,"column":12},"end":{"line":388,"column":99}},"212":{"start":{"line":390,"column":8},"end":{"line":390,"column":23}},"213":{"start":{"line":393,"column":8},"end":{"line":393,"column":16765}},"214":{"start":{"line":394,"column":12},"end":{"line":394,"column":49}},"215":{"start":{"line":395,"column":12},"end":{"line":395,"column":148}},"216":{"start":{"line":397,"column":8},"end":{"line":397,"column":62}},"217":{"start":{"line":398,"column":8},"end":{"line":398,"column":78}},"218":{"start":{"line":399,"column":8},"end":{"line":399,"column":78}},"219":{"start":{"line":400,"column":8},"end":{"line":400,"column":56}},"220":{"start":{"line":401,"column":8},"end":{"line":401,"column":83}},"221":{"start":{"line":402,"column":8},"end":{"line":402,"column":17496}},"222":{"start":{"line":403,"column":12},"end":{"line":403,"column":51}},"223":{"start":{"line":405,"column":12},"end":{"line":405,"column":51}},"224":{"start":{"line":407,"column":8},"end":{"line":407,"column":17676}},"225":{"start":{"line":408,"column":12},"end":{"line":408,"column":51}},"226":{"start":{"line":412,"column":8},"end":{"line":412,"column":17884}},"227":{"start":{"line":413,"column":12},"end":{"line":413,"column":49}},"228":{"start":{"line":414,"column":12},"end":{"line":414,"column":148}},"229":{"start":{"line":416,"column":8},"end":{"line":416,"column":62}},"230":{"start":{"line":417,"column":8},"end":{"line":417,"column":78}},"231":{"start":{"line":418,"column":8},"end":{"line":418,"column":78}},"232":{"start":{"line":419,"column":8},"end":{"line":419,"column":47}},"233":{"start":{"line":420,"column":8},"end":{"line":420,"column":53}},"234":{"start":{"line":421,"column":8},"end":{"line":421,"column":51}},"235":{"start":{"line":422,"column":8},"end":{"line":422,"column":18600}},"236":{"start":{"line":423,"column":12},"end":{"line":423,"column":50}},"237":{"start":{"line":424,"column":12},"end":{"line":424,"column":41}},"238":{"start":{"line":426,"column":12},"end":{"line":426,"column":50}},"239":{"start":{"line":427,"column":12},"end":{"line":427,"column":41}},"240":{"start":{"line":429,"column":8},"end":{"line":429,"column":18850}},"241":{"start":{"line":430,"column":12},"end":{"line":430,"column":94}},"242":{"start":{"line":431,"column":12},"end":{"line":431,"column":113}},"243":{"start":{"line":435,"column":8},"end":{"line":435,"column":19189}},"244":{"start":{"line":436,"column":12},"end":{"line":436,"column":49}},"245":{"start":{"line":437,"column":12},"end":{"line":437,"column":148}},"246":{"start":{"line":439,"column":8},"end":{"line":439,"column":62}},"247":{"start":{"line":440,"column":8},"end":{"line":440,"column":78}},"248":{"start":{"line":441,"column":8},"end":{"line":441,"column":78}},"249":{"start":{"line":442,"column":8},"end":{"line":442,"column":47}},"250":{"start":{"line":443,"column":8},"end":{"line":443,"column":53}},"251":{"start":{"line":444,"column":8},"end":{"line":444,"column":51}},"252":{"start":{"line":445,"column":8},"end":{"line":445,"column":19905}},"253":{"start":{"line":446,"column":12},"end":{"line":446,"column":50}},"254":{"start":{"line":447,"column":12},"end":{"line":447,"column":41}},"255":{"start":{"line":449,"column":12},"end":{"line":449,"column":50}},"256":{"start":{"line":450,"column":12},"end":{"line":450,"column":41}},"257":{"start":{"line":452,"column":8},"end":{"line":452,"column":20155}},"258":{"start":{"line":453,"column":12},"end":{"line":453,"column":26}},"259":{"start":{"line":454,"column":12},"end":{"line":454,"column":44}},"260":{"start":{"line":455,"column":12},"end":{"line":455,"column":20282}},"261":{"start":{"line":456,"column":16},"end":{"line":456,"column":62}},"262":{"start":{"line":457,"column":16},"end":{"line":457,"column":20382}},"263":{"start":{"line":458,"column":20},"end":{"line":458,"column":49}},"264":{"start":{"line":460,"column":16},"end":{"line":460,"column":20500}},"265":{"start":{"line":461,"column":20},"end":{"line":461,"column":68}},"266":{"start":{"line":462,"column":20},"end":{"line":462,"column":75}},"267":{"start":{"line":464,"column":20},"end":{"line":464,"column":20730}},"268":{"start":{"line":465,"column":24},"end":{"line":465,"column":33}},"269":{"start":{"line":467,"column":20},"end":{"line":467,"column":20825}},"270":{"start":{"line":468,"column":24},"end":{"line":468,"column":79}},"271":{"start":{"line":470,"column":24},"end":{"line":470,"column":71}},"272":{"start":{"line":472,"column":20},"end":{"line":472,"column":74}},"273":{"start":{"line":475,"column":12},"end":{"line":475,"column":129}},"274":{"start":{"line":476,"column":12},"end":{"line":476,"column":88}},"275":{"start":{"line":477,"column":12},"end":{"line":477,"column":21384}},"276":{"start":{"line":478,"column":16},"end":{"line":478,"column":21513}},"277":{"start":{"line":479,"column":20},"end":{"line":479,"column":76}},"278":{"start":{"line":480,"column":20},"end":{"line":480,"column":44}},"279":{"start":{"line":482,"column":16},"end":{"line":482,"column":21714}},"280":{"start":{"line":483,"column":20},"end":{"line":483,"column":79}},"281":{"start":{"line":484,"column":20},"end":{"line":484,"column":47}},"282":{"start":{"line":488,"column":8},"end":{"line":488,"column":32}},"283":{"start":{"line":489,"column":8},"end":{"line":489,"column":35}},"284":{"start":{"line":492,"column":8},"end":{"line":492,"column":22107}},"285":{"start":{"line":493,"column":12},"end":{"line":493,"column":49}},"286":{"start":{"line":494,"column":12},"end":{"line":494,"column":148}},"287":{"start":{"line":496,"column":8},"end":{"line":496,"column":83}},"288":{"start":{"line":497,"column":8},"end":{"line":497,"column":78}},"289":{"start":{"line":498,"column":8},"end":{"line":498,"column":78}},"290":{"start":{"line":499,"column":8},"end":{"line":499,"column":62}},"291":{"start":{"line":500,"column":8},"end":{"line":500,"column":48}},"292":{"start":{"line":501,"column":8},"end":{"line":501,"column":51}},"293":{"start":{"line":502,"column":8},"end":{"line":502,"column":49}},"294":{"start":{"line":505,"column":8},"end":{"line":505,"column":22898}},"295":{"start":{"line":506,"column":12},"end":{"line":506,"column":49}},"296":{"start":{"line":507,"column":12},"end":{"line":507,"column":148}},"297":{"start":{"line":509,"column":8},"end":{"line":509,"column":83}},"298":{"start":{"line":510,"column":8},"end":{"line":510,"column":18}},"299":{"start":{"line":511,"column":8},"end":{"line":511,"column":23250}},"300":{"start":{"line":512,"column":12},"end":{"line":512,"column":23}},"301":{"start":{"line":514,"column":8},"end":{"line":514,"column":23365}},"302":{"start":{"line":515,"column":12},"end":{"line":515,"column":23}},"303":{"start":{"line":517,"column":8},"end":{"line":517,"column":21}},"304":{"start":{"line":518,"column":8},"end":{"line":518,"column":49}},"305":{"start":{"line":521,"column":8},"end":{"line":521,"column":42}},"306":{"start":{"line":522,"column":8},"end":{"line":522,"column":121}},"307":{"start":{"line":523,"column":8},"end":{"line":523,"column":23798}},"308":{"start":{"line":524,"column":12},"end":{"line":524,"column":23891}},"309":{"start":{"line":525,"column":16},"end":{"line":525,"column":53}},"310":{"start":{"line":526,"column":16},"end":{"line":526,"column":152}},"311":{"start":{"line":528,"column":12},"end":{"line":528,"column":113}},"312":{"start":{"line":530,"column":8},"end":{"line":530,"column":24271}},"313":{"start":{"line":531,"column":12},"end":{"line":531,"column":27}},"314":{"start":{"line":533,"column":8},"end":{"line":533,"column":25}},"315":{"start":{"line":534,"column":8},"end":{"line":534,"column":54}},"316":{"start":{"line":535,"column":8},"end":{"line":535,"column":42}},"317":{"start":{"line":536,"column":8},"end":{"line":536,"column":49}},"318":{"start":{"line":537,"column":8},"end":{"line":537,"column":33}},"319":{"start":{"line":540,"column":8},"end":{"line":540,"column":42}},"320":{"start":{"line":541,"column":8},"end":{"line":541,"column":50}},"321":{"start":{"line":542,"column":8},"end":{"line":542,"column":121}},"322":{"start":{"line":543,"column":8},"end":{"line":543,"column":121}},"323":{"start":{"line":544,"column":8},"end":{"line":544,"column":55}},"324":{"start":{"line":547,"column":8},"end":{"line":547,"column":95}},"325":{"start":{"line":548,"column":8},"end":{"line":548,"column":56}},"326":{"start":{"line":549,"column":8},"end":{"line":549,"column":36}},"327":{"start":{"line":552,"column":8},"end":{"line":552,"column":30}},"328":{"start":{"line":555,"column":8},"end":{"line":555,"column":43}},"329":{"start":{"line":558,"column":8},"end":{"line":558,"column":30}},"330":{"start":{"line":561,"column":8},"end":{"line":561,"column":60}},"331":{"start":{"line":562,"column":8},"end":{"line":562,"column":42}},"332":{"start":{"line":565,"column":8},"end":{"line":565,"column":28}},"333":{"start":{"line":568,"column":8},"end":{"line":568,"column":38}},"334":{"start":{"line":571,"column":8},"end":{"line":571,"column":26145}},"335":{"start":{"line":572,"column":12},"end":{"line":572,"column":42}},"336":{"start":{"line":574,"column":8},"end":{"line":574,"column":26226}},"337":{"start":{"line":575,"column":12},"end":{"line":575,"column":45}},"338":{"start":{"line":577,"column":8},"end":{"line":577,"column":26310}},"339":{"start":{"line":578,"column":12},"end":{"line":578,"column":39}},"340":{"start":{"line":580,"column":8},"end":{"line":580,"column":26388}},"341":{"start":{"line":581,"column":12},"end":{"line":581,"column":40}},"342":{"start":{"line":583,"column":8},"end":{"line":583,"column":26467}},"343":{"start":{"line":584,"column":12},"end":{"line":584,"column":45}},"344":{"start":{"line":586,"column":8},"end":{"line":586,"column":26551}},"345":{"start":{"line":587,"column":12},"end":{"line":587,"column":46}},"346":{"start":{"line":589,"column":12},"end":{"line":589,"column":36}},"347":{"start":{"line":593,"column":8},"end":{"line":593,"column":28}}},"branchMap":{"1":{"line":74,"type":"if","locations":[{"start":{"line":74,"column":8},"end":{"line":74,"column":8}},{"start":{"line":74,"column":8},"end":{"line":74,"column":8}}]},"2":{"line":75,"type":"if","locations":[{"start":{"line":75,"column":8},"end":{"line":75,"column":8}},{"start":{"line":75,"column":8},"end":{"line":75,"column":8}}]},"3":{"line":79,"type":"if","locations":[{"start":{"line":79,"column":8},"end":{"line":79,"column":8}},{"start":{"line":79,"column":8},"end":{"line":79,"column":8}}]},"4":{"line":80,"type":"if","locations":[{"start":{"line":80,"column":8},"end":{"line":80,"column":8}},{"start":{"line":80,"column":8},"end":{"line":80,"column":8}}]},"5":{"line":81,"type":"if","locations":[{"start":{"line":81,"column":8},"end":{"line":81,"column":8}},{"start":{"line":81,"column":8},"end":{"line":81,"column":8}}]},"6":{"line":86,"type":"if","locations":[{"start":{"line":86,"column":8},"end":{"line":86,"column":8}},{"start":{"line":86,"column":8},"end":{"line":86,"column":8}}]},"7":{"line":90,"type":"if","locations":[{"start":{"line":90,"column":8},"end":{"line":90,"column":8}},{"start":{"line":90,"column":8},"end":{"line":90,"column":8}}]},"8":{"line":91,"type":"if","locations":[{"start":{"line":91,"column":8},"end":{"line":91,"column":8}},{"start":{"line":91,"column":8},"end":{"line":91,"column":8}}]},"9":{"line":95,"type":"if","locations":[{"start":{"line":95,"column":8},"end":{"line":95,"column":8}},{"start":{"line":95,"column":8},"end":{"line":95,"column":8}}]},"10":{"line":99,"type":"if","locations":[{"start":{"line":99,"column":8},"end":{"line":99,"column":8}},{"start":{"line":99,"column":8},"end":{"line":99,"column":8}}]},"11":{"line":103,"type":"if","locations":[{"start":{"line":103,"column":8},"end":{"line":103,"column":8}},{"start":{"line":103,"column":8},"end":{"line":103,"column":8}}]},"12":{"line":110,"type":"if","locations":[{"start":{"line":110,"column":8},"end":{"line":110,"column":8}},{"start":{"line":110,"column":8},"end":{"line":110,"column":8}}]},"13":{"line":114,"type":"if","locations":[{"start":{"line":114,"column":8},"end":{"line":114,"column":8}},{"start":{"line":114,"column":8},"end":{"line":114,"column":8}}]},"14":{"line":118,"type":"if","locations":[{"start":{"line":118,"column":8},"end":{"line":118,"column":8}},{"start":{"line":118,"column":8},"end":{"line":118,"column":8}}]},"15":{"line":119,"type":"if","locations":[{"start":{"line":119,"column":8},"end":{"line":119,"column":8}},{"start":{"line":119,"column":8},"end":{"line":119,"column":8}}]},"16":{"line":121,"type":"if","locations":[{"start":{"line":121,"column":8},"end":{"line":121,"column":8}},{"start":{"line":121,"column":8},"end":{"line":121,"column":8}}]},"17":{"line":123,"type":"if","locations":[{"start":{"line":123,"column":8},"end":{"line":123,"column":8}},{"start":{"line":123,"column":8},"end":{"line":123,"column":8}}]},"18":{"line":124,"type":"if","locations":[{"start":{"line":124,"column":8},"end":{"line":124,"column":8}},{"start":{"line":124,"column":8},"end":{"line":124,"column":8}}]},"19":{"line":129,"type":"if","locations":[{"start":{"line":129,"column":8},"end":{"line":129,"column":8}},{"start":{"line":129,"column":8},"end":{"line":129,"column":8}}]},"20":{"line":133,"type":"if","locations":[{"start":{"line":133,"column":8},"end":{"line":133,"column":8}},{"start":{"line":133,"column":8},"end":{"line":133,"column":8}}]},"21":{"line":138,"type":"if","locations":[{"start":{"line":138,"column":8},"end":{"line":138,"column":8}},{"start":{"line":138,"column":8},"end":{"line":138,"column":8}}]},"22":{"line":140,"type":"if","locations":[{"start":{"line":140,"column":8},"end":{"line":140,"column":8}},{"start":{"line":140,"column":8},"end":{"line":140,"column":8}}]},"23":{"line":141,"type":"if","locations":[{"start":{"line":141,"column":8},"end":{"line":141,"column":8}},{"start":{"line":141,"column":8},"end":{"line":141,"column":8}}]},"24":{"line":142,"type":"if","locations":[{"start":{"line":142,"column":8},"end":{"line":142,"column":8}},{"start":{"line":142,"column":8},"end":{"line":142,"column":8}}]},"25":{"line":143,"type":"if","locations":[{"start":{"line":143,"column":12},"end":{"line":143,"column":12}},{"start":{"line":143,"column":12},"end":{"line":143,"column":12}}]},"26":{"line":164,"type":"if","locations":[{"start":{"line":164,"column":8},"end":{"line":164,"column":8}},{"start":{"line":164,"column":8},"end":{"line":164,"column":8}}]},"27":{"line":165,"type":"if","locations":[{"start":{"line":165,"column":8},"end":{"line":165,"column":8}},{"start":{"line":165,"column":8},"end":{"line":165,"column":8}}]},"28":{"line":167,"type":"if","locations":[{"start":{"line":167,"column":8},"end":{"line":167,"column":8}},{"start":{"line":167,"column":8},"end":{"line":167,"column":8}}]},"29":{"line":168,"type":"if","locations":[{"start":{"line":168,"column":8},"end":{"line":168,"column":8}},{"start":{"line":168,"column":8},"end":{"line":168,"column":8}}]},"30":{"line":169,"type":"if","locations":[{"start":{"line":169,"column":12},"end":{"line":169,"column":12}},{"start":{"line":169,"column":12},"end":{"line":169,"column":12}}]},"31":{"line":170,"type":"if","locations":[{"start":{"line":170,"column":16},"end":{"line":170,"column":16}},{"start":{"line":170,"column":16},"end":{"line":170,"column":16}}]},"32":{"line":172,"type":"if","locations":[{"start":{"line":172,"column":16},"end":{"line":172,"column":16}},{"start":{"line":172,"column":16},"end":{"line":172,"column":16}}]},"33":{"line":175,"type":"if","locations":[{"start":{"line":175,"column":12},"end":{"line":175,"column":12}},{"start":{"line":175,"column":12},"end":{"line":175,"column":12}}]},"34":{"line":176,"type":"if","locations":[{"start":{"line":176,"column":16},"end":{"line":176,"column":16}},{"start":{"line":176,"column":16},"end":{"line":176,"column":16}}]},"35":{"line":178,"type":"if","locations":[{"start":{"line":178,"column":16},"end":{"line":178,"column":16}},{"start":{"line":178,"column":16},"end":{"line":178,"column":16}}]},"36":{"line":183,"type":"if","locations":[{"start":{"line":183,"column":8},"end":{"line":183,"column":8}},{"start":{"line":183,"column":8},"end":{"line":183,"column":8}}]},"37":{"line":198,"type":"if","locations":[{"start":{"line":198,"column":8},"end":{"line":198,"column":8}},{"start":{"line":198,"column":8},"end":{"line":198,"column":8}}]},"38":{"line":200,"type":"if","locations":[{"start":{"line":200,"column":12},"end":{"line":200,"column":12}},{"start":{"line":200,"column":12},"end":{"line":200,"column":12}}]},"39":{"line":204,"type":"if","locations":[{"start":{"line":204,"column":8},"end":{"line":204,"column":8}},{"start":{"line":204,"column":8},"end":{"line":204,"column":8}}]},"40":{"line":205,"type":"if","locations":[{"start":{"line":205,"column":12},"end":{"line":205,"column":12}},{"start":{"line":205,"column":12},"end":{"line":205,"column":12}}]},"41":{"line":206,"type":"if","locations":[{"start":{"line":206,"column":16},"end":{"line":206,"column":16}},{"start":{"line":206,"column":16},"end":{"line":206,"column":16}}]},"42":{"line":209,"type":"if","locations":[{"start":{"line":209,"column":20},"end":{"line":209,"column":20}},{"start":{"line":209,"column":20},"end":{"line":209,"column":20}}]},"43":{"line":220,"type":"if","locations":[{"start":{"line":220,"column":12},"end":{"line":220,"column":12}},{"start":{"line":220,"column":12},"end":{"line":220,"column":12}}]},"44":{"line":228,"type":"if","locations":[{"start":{"line":228,"column":8},"end":{"line":228,"column":8}},{"start":{"line":228,"column":8},"end":{"line":228,"column":8}}]},"45":{"line":229,"type":"if","locations":[{"start":{"line":229,"column":12},"end":{"line":229,"column":12}},{"start":{"line":229,"column":12},"end":{"line":229,"column":12}}]},"46":{"line":230,"type":"if","locations":[{"start":{"line":230,"column":12},"end":{"line":230,"column":12}},{"start":{"line":230,"column":12},"end":{"line":230,"column":12}}]},"47":{"line":235,"type":"if","locations":[{"start":{"line":235,"column":16},"end":{"line":235,"column":16}},{"start":{"line":235,"column":16},"end":{"line":235,"column":16}}]},"48":{"line":236,"type":"if","locations":[{"start":{"line":236,"column":16},"end":{"line":236,"column":16}},{"start":{"line":236,"column":16},"end":{"line":236,"column":16}}]},"49":{"line":254,"type":"if","locations":[{"start":{"line":254,"column":8},"end":{"line":254,"column":8}},{"start":{"line":254,"column":8},"end":{"line":254,"column":8}}]},"50":{"line":255,"type":"if","locations":[{"start":{"line":255,"column":12},"end":{"line":255,"column":12}},{"start":{"line":255,"column":12},"end":{"line":255,"column":12}}]},"51":{"line":259,"type":"if","locations":[{"start":{"line":259,"column":12},"end":{"line":259,"column":12}},{"start":{"line":259,"column":12},"end":{"line":259,"column":12}}]},"52":{"line":266,"type":"if","locations":[{"start":{"line":266,"column":8},"end":{"line":266,"column":8}},{"start":{"line":266,"column":8},"end":{"line":266,"column":8}}]},"53":{"line":267,"type":"if","locations":[{"start":{"line":267,"column":8},"end":{"line":267,"column":8}},{"start":{"line":267,"column":8},"end":{"line":267,"column":8}}]},"54":{"line":268,"type":"if","locations":[{"start":{"line":268,"column":12},"end":{"line":268,"column":12}},{"start":{"line":268,"column":12},"end":{"line":268,"column":12}}]},"55":{"line":270,"type":"if","locations":[{"start":{"line":270,"column":8},"end":{"line":270,"column":8}},{"start":{"line":270,"column":8},"end":{"line":270,"column":8}}]},"56":{"line":271,"type":"if","locations":[{"start":{"line":271,"column":12},"end":{"line":271,"column":12}},{"start":{"line":271,"column":12},"end":{"line":271,"column":12}}]},"57":{"line":272,"type":"if","locations":[{"start":{"line":272,"column":12},"end":{"line":272,"column":12}},{"start":{"line":272,"column":12},"end":{"line":272,"column":12}}]},"58":{"line":273,"type":"if","locations":[{"start":{"line":273,"column":12},"end":{"line":273,"column":12}},{"start":{"line":273,"column":12},"end":{"line":273,"column":12}}]},"59":{"line":274,"type":"if","locations":[{"start":{"line":274,"column":16},"end":{"line":274,"column":16}},{"start":{"line":274,"column":16},"end":{"line":274,"column":16}}]},"60":{"line":276,"type":"if","locations":[{"start":{"line":276,"column":12},"end":{"line":276,"column":12}},{"start":{"line":276,"column":12},"end":{"line":276,"column":12}}]},"61":{"line":277,"type":"if","locations":[{"start":{"line":277,"column":16},"end":{"line":277,"column":16}},{"start":{"line":277,"column":16},"end":{"line":277,"column":16}}]},"62":{"line":280,"type":"if","locations":[{"start":{"line":280,"column":12},"end":{"line":280,"column":12}},{"start":{"line":280,"column":12},"end":{"line":280,"column":12}}]},"63":{"line":286,"type":"if","locations":[{"start":{"line":286,"column":8},"end":{"line":286,"column":8}},{"start":{"line":286,"column":8},"end":{"line":286,"column":8}}]},"64":{"line":287,"type":"if","locations":[{"start":{"line":287,"column":12},"end":{"line":287,"column":12}},{"start":{"line":287,"column":12},"end":{"line":287,"column":12}}]},"65":{"line":288,"type":"if","locations":[{"start":{"line":288,"column":12},"end":{"line":288,"column":12}},{"start":{"line":288,"column":12},"end":{"line":288,"column":12}}]},"66":{"line":294,"type":"if","locations":[{"start":{"line":294,"column":12},"end":{"line":294,"column":12}},{"start":{"line":294,"column":12},"end":{"line":294,"column":12}}]},"67":{"line":296,"type":"if","locations":[{"start":{"line":296,"column":16},"end":{"line":296,"column":16}},{"start":{"line":296,"column":16},"end":{"line":296,"column":16}}]},"68":{"line":297,"type":"if","locations":[{"start":{"line":297,"column":20},"end":{"line":297,"column":20}},{"start":{"line":297,"column":20},"end":{"line":297,"column":20}}]},"69":{"line":302,"type":"if","locations":[{"start":{"line":302,"column":12},"end":{"line":302,"column":12}},{"start":{"line":302,"column":12},"end":{"line":302,"column":12}}]},"70":{"line":304,"type":"if","locations":[{"start":{"line":304,"column":16},"end":{"line":304,"column":16}},{"start":{"line":304,"column":16},"end":{"line":304,"column":16}}]},"71":{"line":305,"type":"if","locations":[{"start":{"line":305,"column":20},"end":{"line":305,"column":20}},{"start":{"line":305,"column":20},"end":{"line":305,"column":20}}]},"72":{"line":309,"type":"if","locations":[{"start":{"line":309,"column":20},"end":{"line":309,"column":20}},{"start":{"line":309,"column":20},"end":{"line":309,"column":20}}]},"73":{"line":317,"type":"if","locations":[{"start":{"line":317,"column":16},"end":{"line":317,"column":16}},{"start":{"line":317,"column":16},"end":{"line":317,"column":16}}]},"74":{"line":323,"type":"if","locations":[{"start":{"line":323,"column":16},"end":{"line":323,"column":16}},{"start":{"line":323,"column":16},"end":{"line":323,"column":16}}]},"75":{"line":331,"type":"if","locations":[{"start":{"line":331,"column":12},"end":{"line":331,"column":12}},{"start":{"line":331,"column":12},"end":{"line":331,"column":12}}]},"76":{"line":336,"type":"if","locations":[{"start":{"line":336,"column":8},"end":{"line":336,"column":8}},{"start":{"line":336,"column":8},"end":{"line":336,"column":8}}]},"77":{"line":338,"type":"if","locations":[{"start":{"line":338,"column":12},"end":{"line":338,"column":12}},{"start":{"line":338,"column":12},"end":{"line":338,"column":12}}]},"78":{"line":340,"type":"if","locations":[{"start":{"line":340,"column":12},"end":{"line":340,"column":12}},{"start":{"line":340,"column":12},"end":{"line":340,"column":12}}]},"79":{"line":343,"type":"if","locations":[{"start":{"line":343,"column":12},"end":{"line":343,"column":12}},{"start":{"line":343,"column":12},"end":{"line":343,"column":12}}]},"80":{"line":352,"type":"if","locations":[{"start":{"line":352,"column":12},"end":{"line":352,"column":12}},{"start":{"line":352,"column":12},"end":{"line":352,"column":12}}]},"81":{"line":369,"type":"if","locations":[{"start":{"line":369,"column":8},"end":{"line":369,"column":8}},{"start":{"line":369,"column":8},"end":{"line":369,"column":8}}]},"82":{"line":376,"type":"if","locations":[{"start":{"line":376,"column":12},"end":{"line":376,"column":12}},{"start":{"line":376,"column":12},"end":{"line":376,"column":12}}]},"83":{"line":386,"type":"if","locations":[{"start":{"line":386,"column":8},"end":{"line":386,"column":8}},{"start":{"line":386,"column":8},"end":{"line":386,"column":8}}]},"84":{"line":387,"type":"if","locations":[{"start":{"line":387,"column":8},"end":{"line":387,"column":8}},{"start":{"line":387,"column":8},"end":{"line":387,"column":8}}]},"85":{"line":388,"type":"if","locations":[{"start":{"line":388,"column":12},"end":{"line":388,"column":12}},{"start":{"line":388,"column":12},"end":{"line":388,"column":12}}]},"86":{"line":393,"type":"if","locations":[{"start":{"line":393,"column":8},"end":{"line":393,"column":8}},{"start":{"line":393,"column":8},"end":{"line":393,"column":8}}]},"87":{"line":394,"type":"if","locations":[{"start":{"line":394,"column":12},"end":{"line":394,"column":12}},{"start":{"line":394,"column":12},"end":{"line":394,"column":12}}]},"88":{"line":395,"type":"if","locations":[{"start":{"line":395,"column":12},"end":{"line":395,"column":12}},{"start":{"line":395,"column":12},"end":{"line":395,"column":12}}]},"89":{"line":397,"type":"if","locations":[{"start":{"line":397,"column":8},"end":{"line":397,"column":8}},{"start":{"line":397,"column":8},"end":{"line":397,"column":8}}]},"90":{"line":398,"type":"if","locations":[{"start":{"line":398,"column":8},"end":{"line":398,"column":8}},{"start":{"line":398,"column":8},"end":{"line":398,"column":8}}]},"91":{"line":399,"type":"if","locations":[{"start":{"line":399,"column":8},"end":{"line":399,"column":8}},{"start":{"line":399,"column":8},"end":{"line":399,"column":8}}]},"92":{"line":400,"type":"if","locations":[{"start":{"line":400,"column":8},"end":{"line":400,"column":8}},{"start":{"line":400,"column":8},"end":{"line":400,"column":8}}]},"93":{"line":401,"type":"if","locations":[{"start":{"line":401,"column":8},"end":{"line":401,"column":8}},{"start":{"line":401,"column":8},"end":{"line":401,"column":8}}]},"94":{"line":402,"type":"if","locations":[{"start":{"line":402,"column":8},"end":{"line":402,"column":8}},{"start":{"line":402,"column":8},"end":{"line":402,"column":8}}]},"95":{"line":407,"type":"if","locations":[{"start":{"line":407,"column":8},"end":{"line":407,"column":8}},{"start":{"line":407,"column":8},"end":{"line":407,"column":8}}]},"96":{"line":412,"type":"if","locations":[{"start":{"line":412,"column":8},"end":{"line":412,"column":8}},{"start":{"line":412,"column":8},"end":{"line":412,"column":8}}]},"97":{"line":413,"type":"if","locations":[{"start":{"line":413,"column":12},"end":{"line":413,"column":12}},{"start":{"line":413,"column":12},"end":{"line":413,"column":12}}]},"98":{"line":414,"type":"if","locations":[{"start":{"line":414,"column":12},"end":{"line":414,"column":12}},{"start":{"line":414,"column":12},"end":{"line":414,"column":12}}]},"99":{"line":416,"type":"if","locations":[{"start":{"line":416,"column":8},"end":{"line":416,"column":8}},{"start":{"line":416,"column":8},"end":{"line":416,"column":8}}]},"100":{"line":417,"type":"if","locations":[{"start":{"line":417,"column":8},"end":{"line":417,"column":8}},{"start":{"line":417,"column":8},"end":{"line":417,"column":8}}]},"101":{"line":418,"type":"if","locations":[{"start":{"line":418,"column":8},"end":{"line":418,"column":8}},{"start":{"line":418,"column":8},"end":{"line":418,"column":8}}]},"102":{"line":421,"type":"if","locations":[{"start":{"line":421,"column":8},"end":{"line":421,"column":8}},{"start":{"line":421,"column":8},"end":{"line":421,"column":8}}]},"103":{"line":422,"type":"if","locations":[{"start":{"line":422,"column":8},"end":{"line":422,"column":8}},{"start":{"line":422,"column":8},"end":{"line":422,"column":8}}]},"104":{"line":423,"type":"if","locations":[{"start":{"line":423,"column":12},"end":{"line":423,"column":12}},{"start":{"line":423,"column":12},"end":{"line":423,"column":12}}]},"105":{"line":426,"type":"if","locations":[{"start":{"line":426,"column":12},"end":{"line":426,"column":12}},{"start":{"line":426,"column":12},"end":{"line":426,"column":12}}]},"106":{"line":429,"type":"if","locations":[{"start":{"line":429,"column":8},"end":{"line":429,"column":8}},{"start":{"line":429,"column":8},"end":{"line":429,"column":8}}]},"107":{"line":435,"type":"if","locations":[{"start":{"line":435,"column":8},"end":{"line":435,"column":8}},{"start":{"line":435,"column":8},"end":{"line":435,"column":8}}]},"108":{"line":436,"type":"if","locations":[{"start":{"line":436,"column":12},"end":{"line":436,"column":12}},{"start":{"line":436,"column":12},"end":{"line":436,"column":12}}]},"109":{"line":437,"type":"if","locations":[{"start":{"line":437,"column":12},"end":{"line":437,"column":12}},{"start":{"line":437,"column":12},"end":{"line":437,"column":12}}]},"110":{"line":439,"type":"if","locations":[{"start":{"line":439,"column":8},"end":{"line":439,"column":8}},{"start":{"line":439,"column":8},"end":{"line":439,"column":8}}]},"111":{"line":440,"type":"if","locations":[{"start":{"line":440,"column":8},"end":{"line":440,"column":8}},{"start":{"line":440,"column":8},"end":{"line":440,"column":8}}]},"112":{"line":441,"type":"if","locations":[{"start":{"line":441,"column":8},"end":{"line":441,"column":8}},{"start":{"line":441,"column":8},"end":{"line":441,"column":8}}]},"113":{"line":444,"type":"if","locations":[{"start":{"line":444,"column":8},"end":{"line":444,"column":8}},{"start":{"line":444,"column":8},"end":{"line":444,"column":8}}]},"114":{"line":445,"type":"if","locations":[{"start":{"line":445,"column":8},"end":{"line":445,"column":8}},{"start":{"line":445,"column":8},"end":{"line":445,"column":8}}]},"115":{"line":446,"type":"if","locations":[{"start":{"line":446,"column":12},"end":{"line":446,"column":12}},{"start":{"line":446,"column":12},"end":{"line":446,"column":12}}]},"116":{"line":449,"type":"if","locations":[{"start":{"line":449,"column":12},"end":{"line":449,"column":12}},{"start":{"line":449,"column":12},"end":{"line":449,"column":12}}]},"117":{"line":452,"type":"if","locations":[{"start":{"line":452,"column":8},"end":{"line":452,"column":8}},{"start":{"line":452,"column":8},"end":{"line":452,"column":8}}]},"118":{"line":455,"type":"if","locations":[{"start":{"line":455,"column":12},"end":{"line":455,"column":12}},{"start":{"line":455,"column":12},"end":{"line":455,"column":12}}]},"119":{"line":457,"type":"if","locations":[{"start":{"line":457,"column":16},"end":{"line":457,"column":16}},{"start":{"line":457,"column":16},"end":{"line":457,"column":16}}]},"120":{"line":460,"type":"if","locations":[{"start":{"line":460,"column":16},"end":{"line":460,"column":16}},{"start":{"line":460,"column":16},"end":{"line":460,"column":16}}]},"121":{"line":464,"type":"if","locations":[{"start":{"line":464,"column":20},"end":{"line":464,"column":20}},{"start":{"line":464,"column":20},"end":{"line":464,"column":20}}]},"122":{"line":467,"type":"if","locations":[{"start":{"line":467,"column":20},"end":{"line":467,"column":20}},{"start":{"line":467,"column":20},"end":{"line":467,"column":20}}]},"123":{"line":477,"type":"if","locations":[{"start":{"line":477,"column":12},"end":{"line":477,"column":12}},{"start":{"line":477,"column":12},"end":{"line":477,"column":12}}]},"124":{"line":478,"type":"if","locations":[{"start":{"line":478,"column":16},"end":{"line":478,"column":16}},{"start":{"line":478,"column":16},"end":{"line":478,"column":16}}]},"125":{"line":482,"type":"if","locations":[{"start":{"line":482,"column":16},"end":{"line":482,"column":16}},{"start":{"line":482,"column":16},"end":{"line":482,"column":16}}]},"126":{"line":492,"type":"if","locations":[{"start":{"line":492,"column":8},"end":{"line":492,"column":8}},{"start":{"line":492,"column":8},"end":{"line":492,"column":8}}]},"127":{"line":493,"type":"if","locations":[{"start":{"line":493,"column":12},"end":{"line":493,"column":12}},{"start":{"line":493,"column":12},"end":{"line":493,"column":12}}]},"128":{"line":494,"type":"if","locations":[{"start":{"line":494,"column":12},"end":{"line":494,"column":12}},{"start":{"line":494,"column":12},"end":{"line":494,"column":12}}]},"129":{"line":496,"type":"if","locations":[{"start":{"line":496,"column":8},"end":{"line":496,"column":8}},{"start":{"line":496,"column":8},"end":{"line":496,"column":8}}]},"130":{"line":497,"type":"if","locations":[{"start":{"line":497,"column":8},"end":{"line":497,"column":8}},{"start":{"line":497,"column":8},"end":{"line":497,"column":8}}]},"131":{"line":498,"type":"if","locations":[{"start":{"line":498,"column":8},"end":{"line":498,"column":8}},{"start":{"line":498,"column":8},"end":{"line":498,"column":8}}]},"132":{"line":499,"type":"if","locations":[{"start":{"line":499,"column":8},"end":{"line":499,"column":8}},{"start":{"line":499,"column":8},"end":{"line":499,"column":8}}]},"133":{"line":505,"type":"if","locations":[{"start":{"line":505,"column":8},"end":{"line":505,"column":8}},{"start":{"line":505,"column":8},"end":{"line":505,"column":8}}]},"134":{"line":506,"type":"if","locations":[{"start":{"line":506,"column":12},"end":{"line":506,"column":12}},{"start":{"line":506,"column":12},"end":{"line":506,"column":12}}]},"135":{"line":507,"type":"if","locations":[{"start":{"line":507,"column":12},"end":{"line":507,"column":12}},{"start":{"line":507,"column":12},"end":{"line":507,"column":12}}]},"136":{"line":509,"type":"if","locations":[{"start":{"line":509,"column":8},"end":{"line":509,"column":8}},{"start":{"line":509,"column":8},"end":{"line":509,"column":8}}]},"137":{"line":511,"type":"if","locations":[{"start":{"line":511,"column":8},"end":{"line":511,"column":8}},{"start":{"line":511,"column":8},"end":{"line":511,"column":8}}]},"138":{"line":514,"type":"if","locations":[{"start":{"line":514,"column":8},"end":{"line":514,"column":8}},{"start":{"line":514,"column":8},"end":{"line":514,"column":8}}]},"139":{"line":517,"type":"if","locations":[{"start":{"line":517,"column":8},"end":{"line":517,"column":8}},{"start":{"line":517,"column":8},"end":{"line":517,"column":8}}]},"140":{"line":522,"type":"if","locations":[{"start":{"line":522,"column":8},"end":{"line":522,"column":8}},{"start":{"line":522,"column":8},"end":{"line":522,"column":8}}]},"141":{"line":523,"type":"if","locations":[{"start":{"line":523,"column":8},"end":{"line":523,"column":8}},{"start":{"line":523,"column":8},"end":{"line":523,"column":8}}]},"142":{"line":524,"type":"if","locations":[{"start":{"line":524,"column":12},"end":{"line":524,"column":12}},{"start":{"line":524,"column":12},"end":{"line":524,"column":12}}]},"143":{"line":525,"type":"if","locations":[{"start":{"line":525,"column":16},"end":{"line":525,"column":16}},{"start":{"line":525,"column":16},"end":{"line":525,"column":16}}]},"144":{"line":526,"type":"if","locations":[{"start":{"line":526,"column":16},"end":{"line":526,"column":16}},{"start":{"line":526,"column":16},"end":{"line":526,"column":16}}]},"145":{"line":528,"type":"if","locations":[{"start":{"line":528,"column":12},"end":{"line":528,"column":12}},{"start":{"line":528,"column":12},"end":{"line":528,"column":12}}]},"146":{"line":530,"type":"if","locations":[{"start":{"line":530,"column":8},"end":{"line":530,"column":8}},{"start":{"line":530,"column":8},"end":{"line":530,"column":8}}]},"147":{"line":541,"type":"if","locations":[{"start":{"line":541,"column":8},"end":{"line":541,"column":8}},{"start":{"line":541,"column":8},"end":{"line":541,"column":8}}]},"148":{"line":542,"type":"if","locations":[{"start":{"line":542,"column":8},"end":{"line":542,"column":8}},{"start":{"line":542,"column":8},"end":{"line":542,"column":8}}]},"149":{"line":543,"type":"if","locations":[{"start":{"line":543,"column":8},"end":{"line":543,"column":8}},{"start":{"line":543,"column":8},"end":{"line":543,"column":8}}]},"150":{"line":547,"type":"if","locations":[{"start":{"line":547,"column":8},"end":{"line":547,"column":8}},{"start":{"line":547,"column":8},"end":{"line":547,"column":8}}]},"151":{"line":548,"type":"if","locations":[{"start":{"line":548,"column":8},"end":{"line":548,"column":8}},{"start":{"line":548,"column":8},"end":{"line":548,"column":8}}]},"152":{"line":562,"type":"if","locations":[{"start":{"line":562,"column":8},"end":{"line":562,"column":8}},{"start":{"line":562,"column":8},"end":{"line":562,"column":8}}]},"153":{"line":571,"type":"if","locations":[{"start":{"line":571,"column":8},"end":{"line":571,"column":8}},{"start":{"line":571,"column":8},"end":{"line":571,"column":8}}]},"154":{"line":574,"type":"if","locations":[{"start":{"line":574,"column":8},"end":{"line":574,"column":8}},{"start":{"line":574,"column":8},"end":{"line":574,"column":8}}]},"155":{"line":577,"type":"if","locations":[{"start":{"line":577,"column":8},"end":{"line":577,"column":8}},{"start":{"line":577,"column":8},"end":{"line":577,"column":8}}]},"156":{"line":580,"type":"if","locations":[{"start":{"line":580,"column":8},"end":{"line":580,"column":8}},{"start":{"line":580,"column":8},"end":{"line":580,"column":8}}]},"157":{"line":583,"type":"if","locations":[{"start":{"line":583,"column":8},"end":{"line":583,"column":8}},{"start":{"line":583,"column":8},"end":{"line":583,"column":8}}]},"158":{"line":586,"type":"if","locations":[{"start":{"line":586,"column":8},"end":{"line":586,"column":8}},{"start":{"line":586,"column":8},"end":{"line":586,"column":8}}]}}},
"contracts/ERC20.sol":{"l":{"15":3,"16":3,"20":3,"21":3,"22":3,"23":3,"27":2,"28":2,"29":2,"37":12,"38":4,"39":4,"40":4,"41":4,"45":0,"46":0,"47":0,"51":3,"52":3,"53":3,"57":0,"58":0,"59":0},"path":"/home/alex/wmur/Ethalo-audit/contracts/ERC20.sol","s":{"1":3,"2":3,"3":3,"4":3,"5":3,"6":3,"7":2,"8":2,"9":2,"10":12,"11":4,"12":4,"13":4,"14":4,"15":0,"16":0,"17":0,"18":3,"19":3,"20":3,"21":0,"22":0,"23":0},"b":{},"f":{"1":3,"2":3,"3":2,"4":12,"5":0,"6":3,"7":0},"fnMap":{"1":{"name":"constructor","line":14,"loc":{"start":{"line":14,"column":4},"end":{"line":17,"column":4}}},"2":{"name":"transfer","line":19,"loc":{"start":{"line":19,"column":4},"end":{"line":24,"column":4}}},"3":{"name":"approve","line":26,"loc":{"start":{"line":26,"column":4},"end":{"line":30,"column":4}}},"4":{"name":"transferFrom","line":32,"loc":{"start":{"line":32,"column":4},"end":{"line":42,"column":4}}},"5":{"name":"mint","line":44,"loc":{"start":{"line":44,"column":4},"end":{"line":48,"column":4}}},"6":{"name":"_mint","line":50,"loc":{"start":{"line":50,"column":4},"end":{"line":54,"column":4}}},"7":{"name":"burn","line":56,"loc":{"start":{"line":56,"column":4},"end":{"line":60,"column":4}}}},"statementMap":{"1":{"start":{"line":15,"column":8},"end":{"line":15,"column":19}},"2":{"start":{"line":16,"column":8},"end":{"line":16,"column":23}},"3":{"start":{"line":20,"column":8},"end":{"line":20,"column":38}},"4":{"start":{"line":21,"column":8},"end":{"line":21,"column":37}},"5":{"start":{"line":22,"column":8},"end":{"line":22,"column":52}},"6":{"start":{"line":23,"column":8},"end":{"line":23,"column":19}},"7":{"start":{"line":27,"column":8},"end":{"line":27,"column":46}},"8":{"start":{"line":28,"column":8},"end":{"line":28,"column":50}},"9":{"start":{"line":29,"column":8},"end":{"line":29,"column":19}},"10":{"start":{"line":37,"column":8},"end":{"line":37,"column":46}},"11":{"start":{"line":38,"column":8},"end":{"line":38,"column":34}},"12":{"start":{"line":39,"column":8},"end":{"line":39,"column":37}},"13":{"start":{"line":40,"column":8},"end":{"line":40,"column":48}},"14":{"start":{"line":41,"column":8},"end":{"line":41,"column":19}},"15":{"start":{"line":45,"column":8},"end":{"line":45,"column":38}},"16":{"start":{"line":46,"column":8},"end":{"line":46,"column":28}},"17":{"start":{"line":47,"column":8},"end":{"line":47,"column":53}},"18":{"start":{"line":51,"column":8},"end":{"line":51,"column":28}},"19":{"start":{"line":52,"column":8},"end":{"line":52,"column":35}},"20":{"start":{"line":53,"column":8},"end":{"line":53,"column":50}},"21":{"start":{"line":57,"column":8},"end":{"line":57,"column":38}},"22":{"start":{"line":58,"column":8},"end":{"line":58,"column":28}},"23":{"start":{"line":59,"column":8},"end":{"line":59,"column":53}}},"branchMap":{}},
"contracts/IERC20.sol":{"l":{},"path":"/home/alex/wmur/Ethalo-audit/contracts/IERC20.sol","s":{},"b":{},"f":{},"fnMap":{},"statementMap":{},"branchMap":{}},
"contracts/TDAI.sol":{"l":{"8":3},"path":"/home/alex/wmur/Ethalo-audit/contracts/TDAI.sol","s":{"1":3},"b":{},"f":{"1":3},"fnMap":{"1":{"name":"constructor","line":7,"loc":{"start":{"line":7,"column":4},"end":{"line":9,"column":4}}}},"statementMap":{"1":{"start":{"line":8,"column":8},"end":{"line":8,"column":58}}},"branchMap":{}},
"contracts/WETH.sol":{"l":{"37":0,"40":2,"41":2,"44":1,"45":1,"51":1,"52":1,"54":1,"58":0,"62":0,"63":0,"64":0,"68":0,"75":0,"77":0,"78":0,"79":0,"82":0,"83":0,"85":0,"87":0},"path":"/home/alex/wmur/Ethalo-audit/contracts/WETH.sol","s":{"1":2,"2":2,"3":1,"4":1,"5":1,"6":1,"7":1,"8":0,"9":0,"10":0,"11":0,"12":0,"13":0,"14":0,"15":0,"16":0,"17":0,"18":0,"19":0,"20":0},"b":{"1":[1,0],"2":[1,0],"3":[0,0],"4":[0,0],"5":[0,0]},"f":{"1":2,"2":1,"3":0,"4":0,"5":0,"6":0},"fnMap":{"1":{"name":"deposit","line":39,"loc":{"start":{"line":39,"column":4},"end":{"line":42,"column":4}}},"2":{"name":"withdraw","line":43,"loc":{"start":{"line":43,"column":4},"end":{"line":55,"column":4}}},"3":{"name":"totalSupply","line":57,"loc":{"start":{"line":57,"column":4},"end":{"line":59,"column":4}}},"4":{"name":"approve","line":61,"loc":{"start":{"line":61,"column":4},"end":{"line":65,"column":4}}},"5":{"name":"transfer","line":67,"loc":{"start":{"line":67,"column":4},"end":{"line":69,"column":4}}},"6":{"name":"transferFrom","line":71,"loc":{"start":{"line":71,"column":4},"end":{"line":88,"column":4}}}},"statementMap":{"1":{"start":{"line":40,"column":8},"end":{"line":40,"column":41}},"2":{"start":{"line":41,"column":8},"end":{"line":41,"column":43}},"3":{"start":{"line":44,"column":8},"end":{"line":44,"column":44}},"4":{"start":{"line":45,"column":8},"end":{"line":45,"column":35}},"5":{"start":{"line":51,"column":8},"end":{"line":51,"column":57}},"6":{"start":{"line":52,"column":8},"end":{"line":52,"column":62}},"7":{"start":{"line":54,"column":8},"end":{"line":54,"column":40}},"8":{"start":{"line":58,"column":8},"end":{"line":58,"column":36}},"9":{"start":{"line":62,"column":8},"end":{"line":62,"column":39}},"10":{"start":{"line":63,"column":8},"end":{"line":63,"column":43}},"11":{"start":{"line":64,"column":8},"end":{"line":64,"column":19}},"12":{"start":{"line":68,"column":8},"end":{"line":68,"column":49}},"13":{"start":{"line":75,"column":8},"end":{"line":75,"column":37}},"14":{"start":{"line":77,"column":8},"end":{"line":77,"column":2516}},"15":{"start":{"line":78,"column":12},"end":{"line":78,"column":53}},"16":{"start":{"line":79,"column":12},"end":{"line":79,"column":44}},"17":{"start":{"line":82,"column":8},"end":{"line":82,"column":28}},"18":{"start":{"line":83,"column":8},"end":{"line":83,"column":28}},"19":{"start":{"line":85,"column":8},"end":{"line":85,"column":36}},"20":{"start":{"line":87,"column":8},"end":{"line":87,"column":19}}},"branchMap":{"1":{"line":44,"type":"if","locations":[{"start":{"line":44,"column":8},"end":{"line":44,"column":8}},{"start":{"line":44,"column":8},"end":{"line":44,"column":8}}]},"2":{"line":52,"type":"if","locations":[{"start":{"line":52,"column":8},"end":{"line":52,"column":8}},{"start":{"line":52,"column":8},"end":{"line":52,"column":8}}]},"3":{"line":75,"type":"if","locations":[{"start":{"line":75,"column":8},"end":{"line":75,"column":8}},{"start":{"line":75,"column":8},"end":{"line":75,"column":8}}]},"4":{"line":77,"type":"if","locations":[{"start":{"line":77,"column":8},"end":{"line":77,"column":8}},{"start":{"line":77,"column":8},"end":{"line":77,"column":8}}]},"5":{"line":78,"type":"if","locations":[{"start":{"line":78,"column":12},"end":{"line":78,"column":12}},{"start":{"line":78,"column":12},"end":{"line":78,"column":12}}]}}}}
