TN:
SF:/home/alex/wmur/Ethalo-audit/contracts/DDE.sol
FN:64,constructor
FN:73,changeAffiliate
FN:78,promoteAffiliate
FN:85,changeMinter
FN:89,changeFee
FN:94,changeThreshold
FN:98,changeCooldown
FN:102,authorizeCustodian
FN:109,authorizeContract
FN:113,changeCustomFee
FN:117,deposit
FN:128,depositWETH
FN:137,withdraw
FN:151,createContract
FN:253,acceptOffer
FN:361,compareStrings
FN:364,removeTags
FN:385,removeExpiredTags
FN:392,requestExtension
FN:411,cancelEscrow
FN:434,completeEscrow
FN:491,expireEscrow
FN:504,cancelPrivateOffer
FN:520,removeMarketOffer
FN:539,updateQuantity
FN:546,changeReferralFee
FN:551,getCompleted
FN:554,getMarketOffer
FN:557,getContract
FN:560,safeTransferETH
FN:564,adddata
FN:567,adduserdata
FN:570,getArrayLength
FN:592,getTags
FNF:34
FNH:26
FNDA:3,constructor
FNDA:2,changeAffiliate
FNDA:2,promoteAffiliate
FNDA:2,changeMinter
FNDA:1,changeFee
FNDA:1,changeThreshold
FNDA:1,changeCooldown
FNDA:1,authorizeCustodian
FNDA:1,authorizeContract
FNDA:0,changeCustomFee
FNDA:16,deposit
FNDA:2,depositWETH
FNDA:9,withdraw
FNDA:11,createContract
FNDA:12,acceptOffer
FNDA:2,compareStrings
FNDA:2,removeTags
FNDA:1,removeExpiredTags
FNDA:2,requestExtension
FNDA:4,cancelEscrow
FNDA:18,completeEscrow
FNDA:1,expireEscrow
FNDA:1,cancelPrivateOffer
FNDA:1,removeMarketOffer
FNDA:1,updateQuantity
FNDA:0,changeReferralFee
FNDA:0,getCompleted
FNDA:0,getMarketOffer
FNDA:63,getContract
FNDA:1,safeTransferETH
FNDA:0,adddata
FNDA:0,adduserdata
FNDA:0,getArrayLength
FNDA:0,getTags
DA:65,3
DA:66,3
DA:67,3
DA:70,1
DA:74,2
DA:75,2
DA:76,2
DA:79,2
DA:80,2
DA:81,2
DA:82,2
DA:86,2
DA:87,2
DA:90,1
DA:91,1
DA:92,1
DA:95,1
DA:96,1
DA:99,1
DA:100,1
DA:103,1
DA:104,1
DA:105,1
DA:107,1
DA:110,1
DA:111,1
DA:114,0
DA:115,0
DA:118,16
DA:119,16
DA:120,16
DA:121,16
DA:122,16
DA:123,16
DA:124,12
DA:125,4
DA:126,4
DA:129,2
DA:130,2
DA:131,2
DA:132,2
DA:133,2
DA:134,2
DA:135,2
DA:138,9
DA:139,9
DA:140,9
DA:141,9
DA:142,3
DA:143,2
DA:145,1
DA:146,1
DA:148,3
DA:149,3
DA:164,11
DA:165,11
DA:167,11
DA:168,11
DA:169,11
DA:170,9
DA:172,2
DA:175,0
DA:176,0
DA:178,0
DA:181,11
DA:182,11
DA:183,11
DA:184,11
DA:198,11
DA:199,2
DA:200,2
DA:201,1
DA:204,11
DA:205,0
DA:206,0
DA:207,0
DA:208,0
DA:209,0
DA:210,0
DA:213,0
DA:215,0
DA:217,0
DA:218,0
DA:220,11
DA:221,2
DA:223,11
DA:224,11
DA:225,11
DA:226,11
DA:228,11
DA:229,3
DA:230,3
DA:231,3
DA:232,3
DA:233,3
DA:234,6
DA:235,6
DA:236,6
DA:237,2
DA:238,2
DA:239,2
DA:241,4
DA:242,4
DA:243,4
DA:245,6
DA:247,3
DA:249,11
DA:250,11
DA:251,11
DA:254,12
DA:255,0
DA:256,0
DA:259,12
DA:260,0
DA:263,12
DA:264,12
DA:265,12
DA:266,12
DA:267,12
DA:268,0
DA:270,12
DA:271,1
DA:272,1
DA:273,1
DA:274,0
DA:276,1
DA:277,0
DA:279,1
DA:280,1
DA:281,0
DA:284,12
DA:285,12
DA:286,12
DA:287,11
DA:288,11
DA:289,11
DA:290,11
DA:291,11
DA:292,11
DA:293,11
DA:294,11
DA:295,11
DA:296,11
DA:297,0
DA:298,0
DA:302,11
DA:303,9
DA:304,9
DA:305,9
DA:306,1
DA:308,9
DA:309,9
DA:310,9
DA:311,9
DA:312,9
DA:313,9
DA:314,9
DA:316,9
DA:317,9
DA:318,0
DA:320,9
DA:323,2
DA:324,0
DA:325,0
DA:327,2
DA:328,2
DA:331,11
DA:333,12
DA:334,12
DA:335,12
DA:336,12
DA:337,10
DA:338,10
DA:339,10
DA:340,10
DA:341,10
DA:342,10
DA:343,10
DA:344,10
DA:345,10
DA:346,10
DA:347,10
DA:348,10
DA:349,10
DA:351,2
DA:352,2
DA:353,2
DA:354,2
DA:355,2
DA:356,2
DA:357,2
DA:358,2
DA:362,2
DA:365,2
DA:366,2
DA:367,2
DA:368,2
DA:369,2
DA:370,1
DA:372,1
DA:373,2
DA:374,2
DA:375,2
DA:376,2
DA:377,2
DA:379,2
DA:380,2
DA:381,2
DA:383,1
DA:386,1
DA:387,1
DA:388,1
DA:390,1
DA:393,2
DA:394,0
DA:395,0
DA:397,2
DA:398,2
DA:399,2
DA:400,2
DA:401,2
DA:402,2
DA:403,1
DA:405,1
DA:407,2
DA:408,1
DA:412,4
DA:413,0
DA:414,0
DA:416,4
DA:417,4
DA:418,4
DA:419,4
DA:420,4
DA:421,4
DA:422,4
DA:423,2
DA:424,2
DA:426,2
DA:427,2
DA:429,4
DA:430,2
DA:431,2
DA:435,18
DA:436,0
DA:437,0
DA:439,18
DA:440,18
DA:441,16
DA:442,16
DA:443,16
DA:444,16
DA:445,16
DA:446,9
DA:447,9
DA:449,7
DA:450,7
DA:452,16
DA:453,7
DA:454,7
DA:455,7
DA:456,4
DA:457,4
DA:458,0
DA:460,4
DA:461,4
DA:462,4
DA:464,0
DA:465,0
DA:467,0
DA:468,0
DA:470,0
DA:472,0
DA:475,7
DA:476,7
DA:477,7
DA:478,4
DA:479,1
DA:480,1
DA:482,4
DA:483,1
DA:484,1
DA:488,16
DA:489,16
DA:492,1
DA:493,1
DA:494,1
DA:496,1
DA:497,1
DA:498,1
DA:499,1
DA:500,1
DA:501,1
DA:502,1
DA:505,1
DA:506,0
DA:507,0
DA:509,1
DA:510,1
DA:511,1
DA:512,0
DA:514,1
DA:515,1
DA:517,1
DA:518,1
DA:521,1
DA:522,1
DA:523,1
DA:524,0
DA:525,0
DA:526,0
DA:528,0
DA:530,1
DA:531,0
DA:533,1
DA:534,1
DA:535,1
DA:536,1
DA:537,1
DA:540,1
DA:541,1
DA:542,1
DA:543,1
DA:544,1
DA:547,0
DA:548,0
DA:549,0
DA:552,0
DA:555,0
DA:558,63
DA:561,1
DA:562,1
DA:565,0
DA:568,0
DA:571,0
DA:572,0
DA:574,0
DA:575,0
DA:577,0
DA:578,0
DA:580,0
DA:581,0
DA:583,0
DA:584,0
DA:586,0
DA:587,0
DA:589,0
DA:593,0
LF:348
LH:279
BRDA:74,1,0,2
BRDA:74,1,1,0
BRDA:75,2,0,2
BRDA:75,2,1,0
BRDA:79,3,0,2
BRDA:79,3,1,0
BRDA:80,4,0,2
BRDA:80,4,1,0
BRDA:81,5,0,2
BRDA:81,5,1,0
BRDA:86,6,0,2
BRDA:86,6,1,0
BRDA:90,7,0,1
BRDA:90,7,1,0
BRDA:91,8,0,1
BRDA:91,8,1,0
BRDA:95,9,0,1
BRDA:95,9,1,0
BRDA:99,10,0,1
BRDA:99,10,1,0
BRDA:103,11,0,1
BRDA:103,11,1,0
BRDA:110,12,0,1
BRDA:110,12,1,0
BRDA:114,13,0,0
BRDA:114,13,1,0
BRDA:118,14,0,16
BRDA:118,14,1,0
BRDA:119,15,0,16
BRDA:119,15,1,0
BRDA:121,16,0,16
BRDA:121,16,1,0
BRDA:123,17,0,12
BRDA:123,17,1,4
BRDA:124,18,0,4
BRDA:124,18,1,8
BRDA:129,19,0,2
BRDA:129,19,1,0
BRDA:133,20,0,2
BRDA:133,20,1,0
BRDA:138,21,0,9
BRDA:138,21,1,0
BRDA:140,22,0,9
BRDA:140,22,1,0
BRDA:141,23,0,3
BRDA:141,23,1,6
BRDA:142,24,0,2
BRDA:142,24,1,1
BRDA:143,25,0,2
BRDA:143,25,1,0
BRDA:164,26,0,11
BRDA:164,26,1,0
BRDA:165,27,0,11
BRDA:165,27,1,0
BRDA:167,28,0,11
BRDA:167,28,1,0
BRDA:168,29,0,11
BRDA:168,29,1,0
BRDA:169,30,0,9
BRDA:169,30,1,2
BRDA:170,31,0,9
BRDA:170,31,1,0
BRDA:172,32,0,2
BRDA:172,32,1,0
BRDA:175,33,0,0
BRDA:175,33,1,0
BRDA:176,34,0,0
BRDA:176,34,1,0
BRDA:178,35,0,0
BRDA:178,35,1,0
BRDA:183,36,0,11
BRDA:183,36,1,0
BRDA:198,37,0,2
BRDA:198,37,1,9
BRDA:200,38,0,1
BRDA:200,38,1,1
BRDA:204,39,0,0
BRDA:204,39,1,11
BRDA:205,40,0,0
BRDA:205,40,1,0
BRDA:206,41,0,0
BRDA:206,41,1,0
BRDA:209,42,0,0
BRDA:209,42,1,0
BRDA:220,43,0,2
BRDA:220,43,1,9
BRDA:228,44,0,3
BRDA:228,44,1,8
BRDA:229,45,0,3
BRDA:229,45,1,0
BRDA:230,46,0,3
BRDA:230,46,1,0
BRDA:235,47,0,6
BRDA:235,47,1,0
BRDA:236,48,0,2
BRDA:236,48,1,4
BRDA:254,49,0,0
BRDA:254,49,1,12
BRDA:255,50,0,0
BRDA:255,50,1,0
BRDA:259,51,0,0
BRDA:259,51,1,12
BRDA:266,52,0,12
BRDA:266,52,1,0
BRDA:267,53,0,0
BRDA:267,53,1,12
BRDA:268,54,0,0
BRDA:268,54,1,0
BRDA:270,55,0,1
BRDA:270,55,1,11
BRDA:271,56,0,1
BRDA:271,56,1,0
BRDA:272,57,0,1
BRDA:272,57,1,0
BRDA:273,58,0,0
BRDA:273,58,1,1
BRDA:274,59,0,0
BRDA:274,59,1,0
BRDA:276,60,0,0
BRDA:276,60,1,1
BRDA:277,61,0,0
BRDA:277,61,1,0
BRDA:280,62,0,0
BRDA:280,62,1,1
BRDA:286,63,0,11
BRDA:286,63,1,1
BRDA:287,64,0,11
BRDA:287,64,1,0
BRDA:288,65,0,11
BRDA:288,65,1,0
BRDA:294,66,0,11
BRDA:294,66,1,0
BRDA:296,67,0,0
BRDA:296,67,1,11
BRDA:297,68,0,0
BRDA:297,68,1,0
BRDA:302,69,0,9
BRDA:302,69,1,2
BRDA:304,70,0,9
BRDA:304,70,1,0
BRDA:305,71,0,1
BRDA:305,71,1,8
BRDA:309,72,0,9
BRDA:309,72,1,0
BRDA:317,73,0,0
BRDA:317,73,1,9
BRDA:323,74,0,0
BRDA:323,74,1,2
BRDA:331,75,0,11
BRDA:331,75,1,0
BRDA:336,76,0,10
BRDA:336,76,1,2
BRDA:338,77,0,10
BRDA:338,77,1,0
BRDA:340,78,0,10
BRDA:340,78,1,0
BRDA:343,79,0,10
BRDA:343,79,1,0
BRDA:352,80,0,2
BRDA:352,80,1,0
BRDA:369,81,0,1
BRDA:369,81,1,1
BRDA:376,82,0,2
BRDA:376,82,1,0
BRDA:386,83,0,1
BRDA:386,83,1,0
BRDA:387,84,0,1
BRDA:387,84,1,0
BRDA:388,85,0,1
BRDA:388,85,1,0
BRDA:393,86,0,0
BRDA:393,86,1,2
BRDA:394,87,0,0
BRDA:394,87,1,0
BRDA:395,88,0,0
BRDA:395,88,1,0
BRDA:397,89,0,2
BRDA:397,89,1,0
BRDA:398,90,0,2
BRDA:398,90,1,0
BRDA:399,91,0,2
BRDA:399,91,1,0
BRDA:400,92,0,2
BRDA:400,92,1,0
BRDA:401,93,0,2
BRDA:401,93,1,0
BRDA:402,94,0,1
BRDA:402,94,1,1
BRDA:407,95,0,1
BRDA:407,95,1,1
BRDA:412,96,0,0
BRDA:412,96,1,4
BRDA:413,97,0,0
BRDA:413,97,1,0
BRDA:414,98,0,0
BRDA:414,98,1,0
BRDA:416,99,0,4
BRDA:416,99,1,0
BRDA:417,100,0,4
BRDA:417,100,1,0
BRDA:418,101,0,4
BRDA:418,101,1,0
BRDA:421,102,0,4
BRDA:421,102,1,0
BRDA:422,103,0,2
BRDA:422,103,1,2
BRDA:423,104,0,2
BRDA:423,104,1,0
BRDA:426,105,0,2
BRDA:426,105,1,0
BRDA:429,106,0,2
BRDA:429,106,1,2
BRDA:435,107,0,0
BRDA:435,107,1,18
BRDA:436,108,0,0
BRDA:436,108,1,0
BRDA:437,109,0,0
BRDA:437,109,1,0
BRDA:439,110,0,18
BRDA:439,110,1,0
BRDA:440,111,0,16
BRDA:440,111,1,2
BRDA:441,112,0,16
BRDA:441,112,1,0
BRDA:444,113,0,16
BRDA:444,113,1,0
BRDA:445,114,0,9
BRDA:445,114,1,7
BRDA:446,115,0,9
BRDA:446,115,1,0
BRDA:449,116,0,7
BRDA:449,116,1,0
BRDA:452,117,0,7
BRDA:452,117,1,9
BRDA:455,118,0,4
BRDA:455,118,1,3
BRDA:457,119,0,0
BRDA:457,119,1,4
BRDA:460,120,0,4
BRDA:460,120,1,0
BRDA:464,121,0,0
BRDA:464,121,1,0
BRDA:467,122,0,0
BRDA:467,122,1,0
BRDA:477,123,0,4
BRDA:477,123,1,3
BRDA:478,124,0,1
BRDA:478,124,1,3
BRDA:482,125,0,1
BRDA:482,125,1,3
BRDA:492,126,0,1
BRDA:492,126,1,0
BRDA:493,127,0,1
BRDA:493,127,1,0
BRDA:494,128,0,1
BRDA:494,128,1,0
BRDA:496,129,0,1
BRDA:496,129,1,0
BRDA:497,130,0,1
BRDA:497,130,1,0
BRDA:498,131,0,1
BRDA:498,131,1,0
BRDA:499,132,0,1
BRDA:499,132,1,0
BRDA:505,133,0,0
BRDA:505,133,1,1
BRDA:506,134,0,0
BRDA:506,134,1,0
BRDA:507,135,0,0
BRDA:507,135,1,0
BRDA:509,136,0,1
BRDA:509,136,1,0
BRDA:511,137,0,0
BRDA:511,137,1,1
BRDA:514,138,0,1
BRDA:514,138,1,0
BRDA:517,139,0,1
BRDA:517,139,1,0
BRDA:522,140,0,1
BRDA:522,140,1,0
BRDA:523,141,0,0
BRDA:523,141,1,1
BRDA:524,142,0,0
BRDA:524,142,1,0
BRDA:525,143,0,0
BRDA:525,143,1,0
BRDA:526,144,0,0
BRDA:526,144,1,0
BRDA:528,145,0,0
BRDA:528,145,1,0
BRDA:530,146,0,0
BRDA:530,146,1,1
BRDA:541,147,0,1
BRDA:541,147,1,0
BRDA:542,148,0,1
BRDA:542,148,1,0
BRDA:543,149,0,1
BRDA:543,149,1,0
BRDA:547,150,0,0
BRDA:547,150,1,0
BRDA:548,151,0,0
BRDA:548,151,1,0
BRDA:562,152,0,1
BRDA:562,152,1,0
BRDA:571,153,0,0
BRDA:571,153,1,0
BRDA:574,154,0,0
BRDA:574,154,1,0
BRDA:577,155,0,0
BRDA:577,155,1,0
BRDA:580,156,0,0
BRDA:580,156,1,0
BRDA:583,157,0,0
BRDA:583,157,1,0
BRDA:586,158,0,0
BRDA:586,158,1,0
BRF:316
BRH:151
end_of_record
TN:
SF:/home/alex/wmur/Ethalo-audit/contracts/ERC20.sol
FN:14,constructor
FN:19,transfer
FN:26,approve
FN:32,transferFrom
FN:44,mint
FN:50,_mint
FN:56,burn
FNF:7
FNH:5
FNDA:3,constructor
FNDA:3,transfer
FNDA:2,approve
FNDA:12,transferFrom
FNDA:0,mint
FNDA:3,_mint
FNDA:0,burn
DA:15,3
DA:16,3
DA:20,3
DA:21,3
DA:22,3
DA:23,3
DA:27,2
DA:28,2
DA:29,2
DA:37,12
DA:38,4
DA:39,4
DA:40,4
DA:41,4
DA:45,0
DA:46,0
DA:47,0
DA:51,3
DA:52,3
DA:53,3
DA:57,0
DA:58,0
DA:59,0
LF:23
LH:17
BRF:0
BRH:0
end_of_record
TN:
SF:/home/alex/wmur/Ethalo-audit/contracts/IERC20.sol
FNF:0
FNH:0
LF:0
LH:0
BRF:0
BRH:0
end_of_record
TN:
SF:/home/alex/wmur/Ethalo-audit/contracts/TDAI.sol
FN:7,constructor
FNF:1
FNH:1
FNDA:3,constructor
DA:8,3
LF:1
LH:1
BRF:0
BRH:0
end_of_record
TN:
SF:/home/alex/wmur/Ethalo-audit/contracts/WETH.sol
FN:39,deposit
FN:43,withdraw
FN:57,totalSupply
FN:61,approve
FN:67,transfer
FN:71,transferFrom
FNF:6
FNH:2
FNDA:2,deposit
FNDA:1,withdraw
FNDA:0,totalSupply
FNDA:0,approve
FNDA:0,transfer
FNDA:0,transferFrom
DA:37,0
DA:40,2
DA:41,2
DA:44,1
DA:45,1
DA:51,1
DA:52,1
DA:54,1
DA:58,0
DA:62,0
DA:63,0
DA:64,0
DA:68,0
DA:75,0
DA:77,0
DA:78,0
DA:79,0
DA:82,0
DA:83,0
DA:85,0
DA:87,0
LF:21
LH:7
BRDA:44,1,0,1
BRDA:44,1,1,0
BRDA:52,2,0,1
BRDA:52,2,1,0
BRDA:75,3,0,0
BRDA:75,3,1,0
BRDA:77,4,0,0
BRDA:77,4,1,0
BRDA:78,5,0,0
BRDA:78,5,1,0
BRF:10
BRH:2
end_of_record
